2023-07-24 20:36:25.062 [info] Log level: Info
2023-07-24 20:36:25.062 [info] Validating found git in: "git"
2023-07-24 20:36:25.062 [info] Using git "2.34.1" from "git"
2023-07-24 20:36:25.062 [info] > git rev-parse --show-toplevel [8ms]
2023-07-24 20:36:25.062 [info] > git rev-parse --git-dir --git-common-dir [1ms]
2023-07-24 20:36:25.062 [info] Open repository: /home/uddam
2023-07-24 20:36:25.062 [info] > git rev-parse --show-toplevel [14ms]
2023-07-24 20:36:25.062 [info] > git rev-parse --show-toplevel [37ms]
2023-07-24 20:36:25.062 [info] > git config --get commit.template [66ms]
2023-07-24 20:36:25.062 [info] > git rev-parse --show-toplevel [3ms]
2023-07-24 20:36:25.062 [info] > git rev-parse --show-toplevel [79ms]
2023-07-24 20:36:25.062 [info] > git rev-parse --show-toplevel [15ms]
2023-07-24 20:36:25.062 [info] > git for-each-ref --format=%(refname)%00%(upstream:short)%00%(objectname)%00%(upstream:track)%00%(upstream:remotename)%00%(upstream:remoteref) refs/heads/main refs/remotes/main [98ms]
2023-07-24 20:36:25.062 [info] > git rev-parse --show-toplevel [39ms]
2023-07-24 20:36:25.062 [info] > git status -z -uall [92ms]
2023-07-24 20:36:25.062 [info] > git rev-parse --show-toplevel [57ms]
2023-07-24 20:36:25.062 [info] > git rev-parse --show-toplevel [17ms]
2023-07-24 20:36:25.062 [info] > git rev-parse --show-toplevel [40ms]
2023-07-24 20:36:25.062 [info] > git rev-parse --show-toplevel [4ms]
2023-07-24 20:36:25.062 [info] > git config --get commit.template [32ms]
2023-07-24 20:36:25.062 [info] > git rev-parse --show-toplevel [2ms]
2023-07-24 20:36:25.062 [info] > git rev-parse --show-toplevel [5ms]
2023-07-24 20:36:25.062 [info] > git rev-parse --show-toplevel [3ms]
2023-07-24 20:36:25.062 [info] > git for-each-ref --format=%(refname)%00%(upstream:short)%00%(objectname)%00%(upstream:track)%00%(upstream:remotename)%00%(upstream:remoteref) refs/heads/main refs/remotes/main [16ms]
2023-07-24 20:36:25.062 [info] > git rev-parse --show-toplevel [23ms]
2023-07-24 20:36:25.062 [info] > git status -z -uall [23ms]
2023-07-24 20:36:25.062 [info] > git rev-parse --show-toplevel [5ms]
2023-07-24 20:36:25.062 [info] > git rev-parse --show-toplevel [5ms]
2023-07-24 20:36:25.062 [info] > git rev-parse --show-toplevel [4ms]
2023-07-24 20:36:25.063 [info] > git rev-parse --show-toplevel [3ms]
2023-07-24 20:36:25.073 [info] > git rev-parse --show-toplevel [5ms]
2023-07-24 20:36:25.510 [info] > git check-ignore -v -z --stdin [16ms]
2023-07-24 20:36:25.899 [info] > git show --textconv :newenv/include/site/python3.9/greenlet/greenlet.h [6ms]
2023-07-24 20:36:25.900 [info] > git ls-files --stage -- /home/uddam/newenv/include/site/python3.9/greenlet/greenlet.h [3ms]
2023-07-24 20:44:57.708 [info] > git check-ignore -v -z --stdin [6ms]
2023-07-24 20:46:04.577 [info] > git check-ignore -v -z --stdin [4ms]
2023-07-24 20:47:39.650 [info] > git check-ignore -v -z --stdin [10ms]
2023-07-24 20:47:45.635 [info] > git check-ignore -v -z --stdin [4ms]
2023-07-24 20:47:49.827 [info] > git check-ignore -v -z --stdin [3ms]
2023-07-24 20:48:12.232 [info] > git check-ignore -v -z --stdin [5ms]
2023-07-24 20:48:22.831 [info] > git show --textconv :storefront/wsgi.py [11ms]
2023-07-24 20:48:22.835 [info] > git ls-files --stage -- /home/uddam/storefront/wsgi.py [5ms]
2023-07-24 20:48:22.847 [info] > git cat-file -s c2eee598a0fcc6739f326ddaa78cffd4a8d05539 [1ms]
2023-07-24 20:48:22.847 [info] fatal: git cat-file: could not get object info
2023-07-24 20:48:23.272 [info] > git check-ignore -v -z --stdin [24ms]
2023-07-24 20:48:32.513 [info] > git check-ignore -v -z --stdin [4ms]
2023-07-24 20:48:35.390 [info] > git check-ignore -v -z --stdin [5ms]
2023-07-24 20:48:39.362 [info] > git check-ignore -v -z --stdin [4ms]
2023-07-24 20:48:48.414 [info] > git check-ignore -v -z --stdin [4ms]
2023-07-24 20:49:04.853 [info] > git check-ignore -v -z --stdin [4ms]
