2023-07-24 19:35:30.696 [info] Log level: Info
2023-07-24 19:35:30.696 [info] Validating found git in: "git"
2023-07-24 19:35:30.696 [info] Using git "2.34.1" from "git"
2023-07-24 19:35:30.696 [info] > git rev-parse --show-toplevel [41ms]
2023-07-24 19:35:30.696 [info] > git rev-parse --git-dir --git-common-dir [1ms]
2023-07-24 19:35:30.696 [info] Open repository: /home/uddam
2023-07-24 19:35:30.696 [info] > git rev-parse --show-toplevel [105ms]
2023-07-24 19:35:30.696 [info] > git rev-parse --show-toplevel [25ms]
2023-07-24 19:35:30.696 [info] > git config --get commit.template [95ms]
2023-07-24 19:35:30.700 [info] > git rev-parse --show-toplevel [10ms]
2023-07-24 19:35:30.718 [info] > git rev-parse --show-toplevel [10ms]
2023-07-24 19:35:30.730 [info] > git rev-parse --show-toplevel [6ms]
2023-07-24 19:35:30.736 [info] > git for-each-ref --format=%(refname)%00%(upstream:short)%00%(objectname)%00%(upstream:track)%00%(upstream:remotename)%00%(upstream:remoteref) refs/heads/main refs/remotes/main [21ms]
2023-07-24 19:35:30.746 [info] > git rev-parse --show-toplevel [10ms]
2023-07-24 19:35:30.757 [info] > git rev-parse --show-toplevel [5ms]
2023-07-24 19:35:30.766 [info] > git rev-parse --show-toplevel [1ms]
2023-07-24 19:35:30.773 [info] > git rev-parse --show-toplevel [1ms]
2023-07-24 19:35:30.780 [info] > git rev-parse --show-toplevel [0ms]
2023-07-24 19:35:30.786 [info] > git rev-parse --show-toplevel [1ms]
2023-07-24 19:35:30.793 [info] > git rev-parse --show-toplevel [2ms]
2023-07-24 19:35:30.808 [info] > git rev-parse --show-toplevel [7ms]
2023-07-24 19:35:30.817 [info] > git rev-parse --show-toplevel [1ms]
2023-07-24 19:35:30.825 [info] > git rev-parse --show-toplevel [1ms]
2023-07-24 19:35:30.841 [info] > git rev-parse --show-toplevel [7ms]
2023-07-24 19:35:30.855 [info] > git rev-parse --show-toplevel [7ms]
2023-07-24 19:35:30.866 [info] > git rev-parse --show-toplevel [5ms]
2023-07-24 19:35:30.894 [info] > git rev-parse --show-toplevel [18ms]
2023-07-24 19:35:30.915 [info] > git status -z -uall [172ms]
2023-07-24 19:35:30.927 [info] > git config --get commit.template [2ms]
2023-07-24 19:35:30.939 [info] > git for-each-ref --format=%(refname)%00%(upstream:short)%00%(objectname)%00%(upstream:track)%00%(upstream:remotename)%00%(upstream:remoteref) refs/heads/main refs/remotes/main [2ms]
2023-07-24 19:35:31.006 [info] > git status -z -uall [59ms]
2023-07-24 19:35:31.006 [info] > git show --textconv :storefront/wsgi.py [12ms]
2023-07-24 19:35:31.012 [info] > git ls-files --stage -- /home/uddam/storefront/wsgi.py [9ms]
2023-07-24 19:35:31.022 [info] > git cat-file -s c2eee598a0fcc6739f326ddaa78cffd4a8d05539 [1ms]
2023-07-24 19:35:31.023 [info] fatal: git cat-file: could not get object info
2023-07-24 19:35:31.122 [info] > git check-ignore -v -z --stdin [11ms]
2023-07-24 19:35:32.295 [info] > git check-ignore -v -z --stdin [23ms]
2023-07-24 19:35:33.585 [info] > git check-ignore -v -z --stdin [12ms]
2023-07-24 19:35:35.785 [info] > git check-ignore -v -z --stdin [4ms]
2023-07-24 19:35:39.353 [info] > git check-ignore -v -z --stdin [9ms]
2023-07-24 19:35:40.883 [info] > git check-ignore -v -z --stdin [7ms]
2023-07-24 19:35:43.070 [info] > git check-ignore -v -z --stdin [5ms]
2023-07-24 19:35:46.073 [info] > git check-ignore -v -z --stdin [3ms]
2023-07-24 19:35:47.830 [info] > git check-ignore -v -z --stdin [7ms]
2023-07-24 19:35:48.943 [info] > git check-ignore -v -z --stdin [4ms]
2023-07-24 19:35:49.985 [info] > git show --textconv :newenv/include/site/python3.9/greenlet/greenlet.h [10ms]
2023-07-24 19:35:49.988 [info] > git ls-files --stage -- /home/uddam/newenv/include/site/python3.9/greenlet/greenlet.h [4ms]
2023-07-24 19:35:50.243 [info] > git check-ignore -v -z --stdin [4ms]
2023-07-24 19:35:59.314 [info] > git check-ignore -v -z --stdin [4ms]
2023-07-24 19:36:00.072 [info] > git check-ignore -v -z --stdin [5ms]
