2023-07-24 20:51:29.917 [info] Log level: Info
2023-07-24 20:51:29.917 [info] Validating found git in: "git"
2023-07-24 20:51:29.917 [info] Using git "2.34.1" from "git"
2023-07-24 20:51:29.917 [info] > git rev-parse --show-toplevel [140ms]
2023-07-24 20:51:29.917 [info] > git rev-parse --git-dir --git-common-dir [56ms]
2023-07-24 20:51:29.917 [info] Open repository: /home/uddam
2023-07-24 20:51:29.917 [info] > git rev-parse --show-toplevel [8ms]
2023-07-24 20:51:29.919 [info] > git rev-parse --show-toplevel [3ms]
2023-07-24 20:51:29.924 [info] > git config --get commit.template [17ms]
2023-07-24 20:51:29.943 [info] > git rev-parse --show-toplevel [20ms]
2023-07-24 20:51:29.961 [info] > git rev-parse --show-toplevel [12ms]
2023-07-24 20:51:29.979 [info] > git rev-parse --show-toplevel [14ms]
2023-07-24 20:51:29.984 [info] > git for-each-ref --format=%(refname)%00%(upstream:short)%00%(objectname)%00%(upstream:track)%00%(upstream:remotename)%00%(upstream:remoteref) refs/heads/main refs/remotes/main [28ms]
2023-07-24 20:51:30.006 [info] > git rev-parse --show-toplevel [22ms]
2023-07-24 20:51:30.014 [info] > git rev-parse --show-toplevel [4ms]
2023-07-24 20:51:30.026 [info] > git status -z -uall [36ms]
2023-07-24 20:51:30.027 [info] > git rev-parse --show-toplevel [8ms]
2023-07-24 20:51:30.035 [info] > git rev-parse --show-toplevel [2ms]
2023-07-24 20:51:30.045 [info] > git rev-parse --show-toplevel [7ms]
2023-07-24 20:51:30.052 [info] > git config --get commit.template [8ms]
2023-07-24 20:51:30.053 [info] > git rev-parse --show-toplevel [2ms]
2023-07-24 20:51:30.067 [info] > git rev-parse --show-toplevel [8ms]
2023-07-24 20:51:30.072 [info] > git for-each-ref --format=%(refname)%00%(upstream:short)%00%(objectname)%00%(upstream:track)%00%(upstream:remotename)%00%(upstream:remoteref) refs/heads/main refs/remotes/main [7ms]
2023-07-24 20:51:30.078 [info] > git rev-parse --show-toplevel [8ms]
2023-07-24 20:51:30.083 [info] > git rev-parse --show-toplevel [1ms]
2023-07-24 20:51:30.094 [info] > git rev-parse --show-toplevel [7ms]
2023-07-24 20:51:30.121 [info] > git status -z -uall [46ms]
2023-07-24 20:51:30.123 [info] > git rev-parse --show-toplevel [23ms]
2023-07-24 20:51:30.131 [info] > git rev-parse --show-toplevel [3ms]
2023-07-24 20:51:30.404 [info] > git show --textconv :Procfile [4ms]
2023-07-24 20:51:30.406 [info] > git ls-files --stage -- /home/uddam/Procfile [3ms]
2023-07-24 20:51:30.410 [info] > git cat-file -s bb0baaffc936ca43ea3caeb0156e6c9faec7a7f9 [0ms]
2023-07-24 20:51:30.410 [info] fatal: git cat-file: could not get object info
2023-07-24 20:51:30.427 [info] > git check-ignore -v -z --stdin [4ms]
2023-07-24 20:51:32.911 [info] > git check-ignore -v -z --stdin [11ms]
2023-07-24 20:51:33.567 [info] > git check-ignore -v -z --stdin [3ms]
2023-07-24 20:53:17.111 [info] > git check-ignore -v -z --stdin [4ms]
2023-07-24 21:01:47.324 [info] > git ls-files --stage -- /home/uddam/Procfile [6ms]
2023-07-24 21:01:47.329 [info] > git cat-file -s bb0baaffc936ca43ea3caeb0156e6c9faec7a7f9 [2ms]
2023-07-24 21:01:47.329 [info] fatal: git cat-file: could not get object info
2023-07-24 21:01:47.340 [info] > git show --textconv :Procfile [4ms]
2023-07-24 21:02:04.252 [info] > git ls-files --stage -- /home/uddam/Procfile [5ms]
2023-07-24 21:02:04.256 [info] > git cat-file -s bb0baaffc936ca43ea3caeb0156e6c9faec7a7f9 [1ms]
2023-07-24 21:02:04.256 [info] fatal: git cat-file: could not get object info
2023-07-24 21:02:04.266 [info] > git show --textconv :Procfile [4ms]
2023-07-24 23:14:47.369 [info] > git ls-files --stage -- /home/uddam/storefront/settings/dev.py [61ms]
2023-07-24 23:14:47.374 [info] > git show --textconv :storefront/settings/dev.py [75ms]
2023-07-24 23:14:47.376 [info] > git cat-file -s b6d03162ede1ba5f719e28f71f50c581cf204bc6 [2ms]
2023-07-24 23:14:47.376 [info] fatal: git cat-file: could not get object info
2023-07-24 23:14:47.772 [info] > git check-ignore -v -z --stdin [24ms]
2023-07-24 23:14:51.269 [info] > git show --textconv :storefront/settings/prod.py [10ms]
2023-07-24 23:14:51.270 [info] > git ls-files --stage -- /home/uddam/storefront/settings/prod.py [7ms]
2023-07-24 23:14:51.275 [info] > git cat-file -s 2b1bb09c94da33bc04128cdc5bded5a6e150397d [1ms]
2023-07-24 23:26:40.135 [info] > git check-ignore -v -z --stdin [15ms]
2023-07-24 23:39:03.272 [info] > git show --textconv :storefront/wsgi.py [9ms]
2023-07-24 23:39:03.275 [info] > git ls-files --stage -- /home/uddam/storefront/wsgi.py [6ms]
2023-07-24 23:39:03.282 [info] > git cat-file -s c2eee598a0fcc6739f326ddaa78cffd4a8d05539 [1ms]
2023-07-24 23:39:03.605 [info] > git check-ignore -v -z --stdin [6ms]
2023-07-24 23:39:05.645 [info] > git show --textconv :.gitconfig [6ms]
2023-07-24 23:39:05.652 [info] > git ls-files --stage -- /home/uddam/.gitconfig [8ms]
2023-07-24 23:39:05.659 [info] > git cat-file -s 77333b24a30e474e5475adac51b44212f5b5d11f [1ms]
2023-07-24 23:39:07.147 [info] > git show --textconv :storefront/settings/common.py [7ms]
2023-07-24 23:39:07.150 [info] > git ls-files --stage -- /home/uddam/storefront/settings/common.py [5ms]
2023-07-24 23:39:07.154 [info] > git cat-file -s c7aad3c0188f38d33abf53d757e17eb0bc1401ea [1ms]
2023-07-24 23:39:17.756 [info] > git check-ignore -v -z --stdin [9ms]
2023-07-24 23:39:20.472 [info] > git check-ignore -v -z --stdin [9ms]
2023-07-24 23:39:21.791 [info] > git show --textconv :.bash_history [8ms]
2023-07-24 23:39:21.797 [info] > git ls-files --stage -- /home/uddam/.bash_history [6ms]
2023-07-24 23:39:21.804 [info] > git cat-file -s 6a8de0b542ab2824e19988f1f4938418f27a013b [1ms]
2023-07-24 23:39:35.015 [info] > git check-ignore -v -z --stdin [10ms]
