2023-07-25 14:41:18.097 [info] Log level: Info
2023-07-25 14:41:18.097 [info] Validating found git in: "git"
2023-07-25 14:41:18.097 [info] Using git "2.34.1" from "git"
2023-07-25 14:41:18.097 [info] > git rev-parse --show-toplevel [8ms]
2023-07-25 14:41:18.097 [info] > git rev-parse --git-dir --git-common-dir [1ms]
2023-07-25 14:41:18.097 [info] Open repository: /home/uddam
2023-07-25 14:41:18.097 [info] > git rev-parse --show-toplevel [6ms]
2023-07-25 14:41:18.097 [info] > git rev-parse --show-toplevel [1ms]
2023-07-25 14:41:18.097 [info] > git config --get commit.template [13ms]
2023-07-25 14:41:18.097 [info] > git rev-parse --show-toplevel [2ms]
2023-07-25 14:41:18.097 [info] > git rev-parse --show-toplevel [5ms]
2023-07-25 14:41:18.097 [info] > git rev-parse --show-toplevel [1ms]
2023-07-25 14:41:18.097 [info] > git for-each-ref --format=%(refname)%00%(upstream:short)%00%(objectname)%00%(upstream:track)%00%(upstream:remotename)%00%(upstream:remoteref) refs/heads/main refs/remotes/main [14ms]
2023-07-25 14:41:18.097 [info] > git rev-parse --show-toplevel [11ms]
2023-07-25 14:41:18.097 [info] > git rev-parse --show-toplevel [92ms]
2023-07-25 14:41:18.097 [info] > git rev-parse --show-toplevel [12ms]
2023-07-25 14:41:18.097 [info] > git rev-parse --show-toplevel [1ms]
2023-07-25 14:41:18.097 [info] > git rev-parse --show-toplevel [1ms]
2023-07-25 14:41:18.097 [info] > git rev-parse --show-toplevel [2ms]
2023-07-25 14:41:18.097 [info] > git rev-parse --show-toplevel [1ms]
2023-07-25 14:41:18.097 [info] > git rev-parse --show-toplevel [2ms]
2023-07-25 14:41:18.097 [info] > git rev-parse --show-toplevel [1ms]
2023-07-25 14:41:18.097 [info] > git rev-parse --show-toplevel [2ms]
2023-07-25 14:41:18.097 [info] > git rev-parse --show-toplevel [1ms]
2023-07-25 14:41:18.097 [info] > git status -z -uall [538ms]
2023-07-25 14:41:18.111 [info] > git config --get commit.template [6ms]
2023-07-25 14:41:18.161 [info] > git for-each-ref --format=%(refname)%00%(upstream:short)%00%(objectname)%00%(upstream:track)%00%(upstream:remotename)%00%(upstream:remoteref) refs/heads/main refs/remotes/main [20ms]
2023-07-25 14:41:18.254 [info] > git status -z -uall [83ms]
2023-07-25 14:41:18.402 [info] > git check-ignore -v -z --stdin [88ms]
2023-07-25 14:41:19.129 [info] > git show --textconv :.bash_history [7ms]
2023-07-25 14:41:19.134 [info] > git ls-files --stage -- /home/uddam/.bash_history [6ms]
2023-07-25 14:41:19.138 [info] > git cat-file -s 6a8de0b542ab2824e19988f1f4938418f27a013b [1ms]
2023-07-25 15:08:01.512 [info] > git show --textconv :storefront/settings/prod.py [12ms]
2023-07-25 15:08:01.514 [info] > git ls-files --stage -- /home/uddam/storefront/settings/prod.py [8ms]
2023-07-25 15:08:01.519 [info] > git cat-file -s 2b1bb09c94da33bc04128cdc5bded5a6e150397d [2ms]
2023-07-25 15:08:01.938 [info] > git check-ignore -v -z --stdin [25ms]
2023-07-25 15:10:59.683 [info] > git ls-files --stage -- /home/uddam/storefront/settings/prod.py [4ms]
2023-07-25 15:10:59.686 [info] > git cat-file -s 2b1bb09c94da33bc04128cdc5bded5a6e150397d [1ms]
2023-07-25 15:10:59.698 [info] > git show --textconv :storefront/settings/prod.py [5ms]
2023-07-25 15:12:54.895 [info] > git check-ignore -v -z --stdin [10ms]
2023-07-25 15:12:57.128 [info] > git check-ignore -v -z --stdin [9ms]
2023-07-25 15:12:58.537 [info] > git show --textconv :.gitconfig [5ms]
2023-07-25 15:12:58.541 [info] > git ls-files --stage -- /home/uddam/.gitconfig [6ms]
2023-07-25 15:12:58.546 [info] > git cat-file -s 77333b24a30e474e5475adac51b44212f5b5d11f [1ms]
2023-07-25 15:16:20.382 [info] > git check-ignore -v -z --stdin [7ms]
2023-07-25 15:20:13.553 [info] > git remote add TestRemote https://github.com/Sincity231/ecombuy-app.git [1ms]
2023-07-25 15:20:13.558 [info] > git config --get commit.template [1ms]
2023-07-25 15:20:13.562 [info] > git for-each-ref --format=%(refname)%00%(upstream:short)%00%(objectname)%00%(upstream:track)%00%(upstream:remotename)%00%(upstream:remoteref) refs/heads/main refs/remotes/main [1ms]
2023-07-25 15:20:13.581 [info] > git status -z -uall [14ms]
2023-07-25 15:20:13.585 [info] > git config --get commit.template [1ms]
2023-07-25 15:20:13.591 [info] > git for-each-ref --format=%(refname)%00%(upstream:short)%00%(objectname)%00%(upstream:track)%00%(upstream:remotename)%00%(upstream:remoteref) refs/heads/main refs/remotes/main [1ms]
2023-07-25 15:20:13.608 [info] > git status -z -uall [13ms]
2023-07-25 15:20:18.027 [info] > git ls-files --stage -- /home/uddam/storefront/settings/prod.py [8ms]
2023-07-25 15:20:18.037 [info] > git cat-file -s 2b1bb09c94da33bc04128cdc5bded5a6e150397d [3ms]
2023-07-25 15:20:18.037 [info] > git ls-files --stage -- /home/uddam/.gitconfig [12ms]
2023-07-25 15:20:18.042 [info] > git cat-file -s 77333b24a30e474e5475adac51b44212f5b5d11f [1ms]
2023-07-25 15:20:18.055 [info] > git show --textconv :storefront/settings/prod.py [7ms]
2023-07-25 15:20:18.058 [info] > git show --textconv :.gitconfig [4ms]
2023-07-25 15:24:31.212 [info] > git push [1ms]
2023-07-25 15:24:31.212 [info] fatal: No configured push destination.
Either specify the URL from the command-line or configure a remote repository using

    git remote add <name> <url>

and then push using the remote name

    git push <name>
2023-07-25 15:24:31.219 [info] > git config --get commit.template [2ms]
2023-07-25 15:24:31.225 [info] > git for-each-ref --format=%(refname)%00%(upstream:short)%00%(objectname)%00%(upstream:track)%00%(upstream:remotename)%00%(upstream:remoteref) refs/heads/main refs/remotes/main [1ms]
2023-07-25 15:24:31.247 [info] > git status -z -uall [16ms]
2023-07-25 15:25:15.208 [info] > git remote add TestRemote1 TestRemote [3ms]
2023-07-25 15:25:15.214 [info] > git config --get commit.template [2ms]
2023-07-25 15:25:15.215 [info] > git for-each-ref --format=%(refname)%00%(upstream:short)%00%(objectname)%00%(upstream:track)%00%(upstream:remotename)%00%(upstream:remoteref) refs/heads/main refs/remotes/main [1ms]
2023-07-25 15:25:15.231 [info] > git status -z -uall [12ms]
2023-07-25 15:25:15.236 [info] > git config --get commit.template [1ms]
2023-07-25 15:25:15.239 [info] > git for-each-ref --format=%(refname)%00%(upstream:short)%00%(objectname)%00%(upstream:track)%00%(upstream:remotename)%00%(upstream:remoteref) refs/heads/main refs/remotes/main [1ms]
2023-07-25 15:25:15.254 [info] > git status -z -uall [13ms]
2023-07-25 15:25:22.274 [info] > git ls-files --stage -- /home/uddam/storefront/settings/prod.py [4ms]
2023-07-25 15:25:22.280 [info] > git ls-files --stage -- /home/uddam/.gitconfig [7ms]
2023-07-25 15:25:22.285 [info] > git cat-file -s 2b1bb09c94da33bc04128cdc5bded5a6e150397d [7ms]
2023-07-25 15:25:22.286 [info] > git cat-file -s 77333b24a30e474e5475adac51b44212f5b5d11f [1ms]
2023-07-25 15:25:22.340 [info] > git show --textconv :storefront/settings/prod.py [8ms]
2023-07-25 15:25:22.343 [info] > git show --textconv :.gitconfig [6ms]
2023-07-25 15:27:33.457 [info] > git ls-files --stage -- /home/uddam/storefront/settings/prod.py [6ms]
2023-07-25 15:27:33.464 [info] > git ls-files --stage -- /home/uddam/.gitconfig [6ms]
2023-07-25 15:27:33.468 [info] > git cat-file -s 2b1bb09c94da33bc04128cdc5bded5a6e150397d [5ms]
2023-07-25 15:27:33.469 [info] > git cat-file -s 77333b24a30e474e5475adac51b44212f5b5d11f [1ms]
2023-07-25 15:27:33.482 [info] > git show --textconv :storefront/settings/prod.py [5ms]
2023-07-25 15:27:33.486 [info] > git show --textconv :.gitconfig [5ms]
2023-07-25 15:27:40.405 [info] > git ls-files --stage -- /home/uddam/storefront/settings/prod.py [5ms]
2023-07-25 15:27:40.410 [info] > git ls-files --stage -- /home/uddam/.gitconfig [7ms]
2023-07-25 15:27:40.413 [info] > git cat-file -s 2b1bb09c94da33bc04128cdc5bded5a6e150397d [4ms]
2023-07-25 15:27:40.413 [info] > git cat-file -s 77333b24a30e474e5475adac51b44212f5b5d11f [1ms]
2023-07-25 15:27:40.424 [info] > git show --textconv :storefront/settings/prod.py [5ms]
2023-07-25 15:27:40.428 [info] > git show --textconv :.gitconfig [4ms]
2023-07-25 15:28:14.261 [info] > git ls-files --stage -- /home/uddam/storefront/settings/prod.py [5ms]
2023-07-25 15:28:14.266 [info] > git ls-files --stage -- /home/uddam/.gitconfig [7ms]
2023-07-25 15:28:14.269 [info] > git cat-file -s 2b1bb09c94da33bc04128cdc5bded5a6e150397d [3ms]
2023-07-25 15:28:14.269 [info] > git cat-file -s 77333b24a30e474e5475adac51b44212f5b5d11f [1ms]
2023-07-25 15:28:14.281 [info] > git show --textconv :storefront/settings/prod.py [4ms]
2023-07-25 15:28:14.284 [info] > git show --textconv :.gitconfig [4ms]
2023-07-25 15:28:20.487 [info] > git ls-files --stage -- /home/uddam/storefront/settings/prod.py [6ms]
2023-07-25 15:28:20.496 [info] > git cat-file -s 2b1bb09c94da33bc04128cdc5bded5a6e150397d [1ms]
2023-07-25 15:28:20.497 [info] > git ls-files --stage -- /home/uddam/.gitconfig [11ms]
2023-07-25 15:28:20.504 [info] > git cat-file -s 77333b24a30e474e5475adac51b44212f5b5d11f [1ms]
2023-07-25 15:28:20.541 [info] > git show --textconv :storefront/settings/prod.py [14ms]
2023-07-25 15:28:20.545 [info] > git show --textconv :.gitconfig [7ms]
2023-07-25 15:30:18.460 [info] > git ls-files --stage -- /home/uddam/.gitconfig [2ms]
2023-07-25 15:30:18.460 [info] fatal: not a git repository (or any of the parent directories): .git
2023-07-25 15:30:18.462 [info] > git ls-files --stage -- /home/uddam/storefront/settings/prod.py [12ms]
2023-07-25 15:30:18.462 [info] fatal: not a git repository (or any of the parent directories): .git
2023-07-25 15:30:20.851 [info] > git rev-parse --show-toplevel [1ms]
2023-07-25 15:30:20.855 [info] > git rev-parse --git-dir --git-common-dir [0ms]
2023-07-25 15:30:20.861 [info] Open repository: /home/uddam
2023-07-25 15:30:20.867 [info] > git config --get commit.template [1ms]
2023-07-25 15:30:20.870 [info] No remotes found in the git config file.
2023-07-25 15:30:20.871 [info] > git for-each-ref --format=%(refname)%00%(upstream:short)%00%(objectname)%00%(upstream:track)%00%(upstream:remotename)%00%(upstream:remoteref) refs/heads/master refs/remotes/master [1ms]
2023-07-25 15:30:20.982 [info] > git status -z -uall [109ms] (cancelled)
2023-07-25 15:30:21.458 [info] > git check-ignore -v -z --stdin [1ms]
2023-07-25 15:30:29.821 [info] > git config --get commit.template [15ms]
2023-07-25 15:30:29.836 [info] No remotes found in the git config file.
2023-07-25 15:30:29.839 [info] > git for-each-ref --format=%(refname)%00%(upstream:short)%00%(objectname)%00%(upstream:track)%00%(upstream:remotename)%00%(upstream:remoteref) refs/heads/master refs/remotes/master [2ms]
2023-07-25 15:30:30.084 [info] > git status -z -uall [233ms] (cancelled)
2023-07-25 15:30:51.986 [info] > git check-ignore -v -z --stdin [1ms]
2023-07-25 15:30:54.367 [info] > git check-ignore -v -z --stdin [1ms]
2023-07-25 15:30:56.733 [info] > git check-ignore -v -z --stdin [2ms]
2023-07-25 15:30:59.083 [info] > git check-ignore -v -z --stdin [1ms]
2023-07-25 15:31:56.877 [info] > git remote add Remote https://github.com/Sincity231/test.git [2ms]
2023-07-25 15:31:56.883 [info] > git config --get commit.template [0ms]
2023-07-25 15:31:56.889 [info] > git for-each-ref --format=%(refname)%00%(upstream:short)%00%(objectname)%00%(upstream:track)%00%(upstream:remotename)%00%(upstream:remoteref) refs/heads/master refs/remotes/master [1ms]
2023-07-25 15:31:57.778 [info] > git status -z -uall [885ms] (cancelled)
2023-07-25 15:31:58.838 [info] > git fetch Remote [1722ms]
2023-07-25 15:31:58.838 [info] From https://github.com/Sincity231/test
 * [new branch]      main       -> Remote/main
2023-07-25 15:31:58.844 [info] > git config --get commit.template [1ms]
2023-07-25 15:31:58.849 [info] > git for-each-ref --format=%(refname)%00%(upstream:short)%00%(objectname)%00%(upstream:track)%00%(upstream:remotename)%00%(upstream:remoteref) refs/heads/master refs/remotes/master [0ms]
2023-07-25 15:31:58.891 [info] > git ls-files --stage -- /home/uddam/.gitconfig [1ms]
2023-07-25 15:31:58.892 [info] > git ls-files --stage -- /home/uddam/storefront/settings/prod.py [7ms]
2023-07-25 15:31:59.055 [info] > git status -z -uall [203ms] (cancelled)
2023-07-25 15:31:59.055 [info] > git show --textconv :.gitconfig [6ms]
2023-07-25 15:31:59.057 [info] > git show --textconv :storefront/settings/prod.py [3ms]
2023-07-25 15:32:00.391 [info] > git ls-files --stage -- /home/uddam/.gitconfig [1ms]
2023-07-25 15:32:00.391 [info] > git ls-files --stage -- /home/uddam/storefront/settings/prod.py [7ms]
2023-07-25 15:32:00.413 [info] > git show --textconv :.gitconfig [8ms]
2023-07-25 15:32:00.413 [info] > git show --textconv :storefront/settings/prod.py [1ms]
2023-07-25 15:32:11.918 [info] > git check-ignore -v -z --stdin [1ms]
2023-07-25 15:33:30.853 [info] > git add -A -- . [20099ms]
2023-07-25 15:33:32.165 [info] > git show --textconv :.git/COMMIT_EDITMSG [15ms]
2023-07-25 15:33:32.167 [info] > git ls-files --stage -- /home/uddam/.git/COMMIT_EDITMSG [13ms]
2023-07-25 15:33:32.488 [info] > git check-ignore -v -z --stdin [6ms]
2023-07-25 15:33:33.001 [info] > git ls-files --stage -- /home/uddam/.gitconfig [7ms]
2023-07-25 15:33:33.006 [info] > git ls-files --stage -- /home/uddam/storefront/settings/prod.py [17ms]
2023-07-25 15:33:33.011 [info] > git cat-file -s 77333b24a30e474e5475adac51b44212f5b5d11f [5ms]
2023-07-25 15:33:33.013 [info] > git ls-files --stage -- /home/uddam/.git/COMMIT_EDITMSG [13ms]
2023-07-25 15:33:33.013 [info] > git cat-file -s 2b1bb09c94da33bc04128cdc5bded5a6e150397d [2ms]
2023-07-25 15:33:33.033 [info] > git show --textconv :.gitconfig [12ms]
2023-07-25 15:33:33.033 [info] > git show --textconv :.git/COMMIT_EDITMSG [7ms]
2023-07-25 15:33:33.037 [info] > git show --textconv :storefront/settings/prod.py [5ms]
2023-07-25 16:28:14.946 [info] > git check-ignore -v -z --stdin [33ms]
2023-07-25 16:28:18.265 [info] > git check-ignore -v -z --stdin [595ms]
2023-07-25 16:28:19.812 [info] > git check-ignore -v -z --stdin [186ms]
2023-07-25 16:28:40.402 [info] > git -c user.useConfigOnly=true commit --quiet [3309545ms]
2023-07-25 16:28:40.402 [info] Aborting commit due to empty commit message.
2023-07-25 16:28:40.421 [info] > git config --get commit.template [13ms]
2023-07-25 16:28:40.422 [info] > git for-each-ref --format=%(refname)%00%(upstream:short)%00%(objectname)%00%(upstream:track)%00%(upstream:remotename)%00%(upstream:remoteref) refs/heads/master refs/remotes/master [1ms]
2023-07-25 16:28:41.384 [info] > git status -z -uall [947ms] (cancelled)
2023-07-25 16:28:50.182 [info] > git check-ignore -v -z --stdin [246ms]
2023-07-25 16:28:53.040 [info] > git show --textconv :.git/COMMIT_EDITMSG [23ms]
2023-07-25 16:28:53.045 [info] > git ls-files --stage -- /home/uddam/.git/COMMIT_EDITMSG [6ms]
2023-07-25 16:28:53.355 [info] > git ls-files --stage -- /home/uddam/.gitconfig [22ms]
2023-07-25 16:28:53.382 [info] > git ls-files --stage -- /home/uddam/storefront/settings/prod.py [59ms]
2023-07-25 16:28:53.396 [info] > git cat-file -s 77333b24a30e474e5475adac51b44212f5b5d11f [13ms]
2023-07-25 16:28:53.396 [info] > git ls-files --stage -- /home/uddam/.git/COMMIT_EDITMSG [42ms]
2023-07-25 16:28:53.397 [info] > git cat-file -s 2b1bb09c94da33bc04128cdc5bded5a6e150397d [2ms]
2023-07-25 16:28:53.445 [info] > git show --textconv :.gitconfig [31ms]
2023-07-25 16:28:53.445 [info] > git show --textconv :.git/COMMIT_EDITMSG [16ms]
2023-07-25 16:28:53.449 [info] > git show --textconv :storefront/settings/prod.py [6ms]
2023-07-25 16:28:58.417 [info] > git -c user.useConfigOnly=true commit --quiet [7124ms]
2023-07-25 16:28:58.418 [info] Aborting commit due to empty commit message.
2023-07-25 16:28:58.430 [info] > git config --get commit.template [8ms]
2023-07-25 16:28:58.431 [info] > git for-each-ref --format=%(refname)%00%(upstream:short)%00%(objectname)%00%(upstream:track)%00%(upstream:remotename)%00%(upstream:remoteref) refs/heads/master refs/remotes/master [1ms]
2023-07-25 16:28:59.389 [info] > git status -z -uall [953ms] (cancelled)
2023-07-25 16:29:05.266 [info] > git check-ignore -v -z --stdin [197ms]
2023-07-25 16:29:32.784 [info] > git show --textconv :.git/COMMIT_EDITMSG [8ms]
2023-07-25 16:29:32.788 [info] > git ls-files --stage -- /home/uddam/.git/COMMIT_EDITMSG [5ms]
2023-07-25 16:29:33.374 [info] > git ls-files --stage -- /home/uddam/.gitconfig [17ms]
2023-07-25 16:29:33.394 [info] > git ls-files --stage -- /home/uddam/storefront/settings/prod.py [42ms]
2023-07-25 16:29:33.404 [info] > git cat-file -s 77333b24a30e474e5475adac51b44212f5b5d11f [10ms]
2023-07-25 16:29:33.405 [info] > git ls-files --stage -- /home/uddam/.git/COMMIT_EDITMSG [32ms]
2023-07-25 16:29:33.406 [info] > git cat-file -s 2b1bb09c94da33bc04128cdc5bded5a6e150397d [2ms]
2023-07-25 16:29:33.430 [info] > git show --textconv :.gitconfig [15ms]
2023-07-25 16:29:33.430 [info] > git show --textconv :.git/COMMIT_EDITMSG [9ms]
2023-07-25 16:29:33.434 [info] > git show --textconv :storefront/settings/prod.py [5ms]
2023-07-25 16:43:58.770 [info] > git ls-files --stage -- /home/uddam/.gitconfig [14ms]
2023-07-25 16:43:58.783 [info] > git ls-files --stage -- /home/uddam/storefront/settings/prod.py [41ms]
2023-07-25 16:43:58.796 [info] > git cat-file -s 77333b24a30e474e5475adac51b44212f5b5d11f [13ms]
2023-07-25 16:43:58.797 [info] > git ls-files --stage -- /home/uddam/.git/COMMIT_EDITMSG [28ms]
2023-07-25 16:43:58.800 [info] > git cat-file -s 2b1bb09c94da33bc04128cdc5bded5a6e150397d [5ms]
2023-07-25 16:43:58.842 [info] > git show --textconv :.gitconfig [31ms]
2023-07-25 16:43:58.842 [info] > git show --textconv :.git/COMMIT_EDITMSG [18ms]
2023-07-25 16:43:58.856 [info] > git show --textconv :storefront/settings/prod.py [14ms]
2023-07-25 16:44:24.498 [info] > git ls-files --stage -- /home/uddam/.gitconfig [8ms]
2023-07-25 16:44:24.505 [info] > git ls-files --stage -- /home/uddam/storefront/settings/prod.py [23ms]
2023-07-25 16:44:24.512 [info] > git cat-file -s 77333b24a30e474e5475adac51b44212f5b5d11f [7ms]
2023-07-25 16:44:24.513 [info] > git ls-files --stage -- /home/uddam/.git/COMMIT_EDITMSG [16ms]
2023-07-25 16:44:24.514 [info] > git cat-file -s 2b1bb09c94da33bc04128cdc5bded5a6e150397d [3ms]
2023-07-25 16:44:24.531 [info] > git show --textconv :.gitconfig [10ms]
2023-07-25 16:44:24.542 [info] > git show --textconv :.git/COMMIT_EDITMSG [12ms]
2023-07-25 16:44:24.547 [info] > git show --textconv :storefront/settings/prod.py [6ms]
2023-07-25 17:13:27.898 [info] > git -c user.useConfigOnly=true commit --quiet [2636809ms]
2023-07-25 17:13:27.898 [info] Aborting commit due to empty commit message.
2023-07-25 17:13:27.913 [info] > git config --get commit.template [8ms]
2023-07-25 17:13:27.913 [info] > git for-each-ref --format=%(refname)%00%(upstream:short)%00%(objectname)%00%(upstream:track)%00%(upstream:remotename)%00%(upstream:remoteref) refs/heads/master refs/remotes/master [1ms]
2023-07-25 17:13:28.162 [info] > git status -z -uall [242ms] (cancelled)
2023-07-25 17:13:32.283 [info] > git check-ignore -v -z --stdin [13ms]
2023-07-25 17:13:35.806 [info] > git check-ignore -v -z --stdin [108ms]
