2023-07-24 20:51:29.886 [info] Experiment 'pythonPromptNewFormatterExt' is active
2023-07-24 20:51:29.886 [info] Experiment 'pythonPromptNewToolsExt' is active
2023-07-24 20:51:29.886 [info] Test server listening.
2023-07-24 20:51:29.886 [warning] Failed to check if /home/uddam/newenv/bin/python is an executable [Error: ENOENT: no such file or directory, lstat '/home/uddam/newenv/bin/python'] {
  errno: -2,
  code: 'ENOENT',
  syscall: 'lstat',
  path: '/home/uddam/newenv/bin/python'
}
2023-07-24 20:51:30.033 [warning] Identifier for virt-virtualenv failed to identify /home/uddam/newenv/bin/python [Error: ENOENT: no such file or directory, scandir '/home/uddam/newenv/bin'] {
  errno: -2,
  code: 'ENOENT',
  syscall: 'scandir',
  path: '/home/uddam/newenv/bin'
}
2023-07-24 20:51:30.033 [warning] Failed to check if /home/uddam/newenv/bin/python is an executable [Error: ENOENT: no such file or directory, lstat '/home/uddam/newenv/bin/python'] {
  errno: -2,
  code: 'ENOENT',
  syscall: 'lstat',
  path: '/home/uddam/newenv/bin/python'
}
2023-07-24 20:51:30.034 [warning] Failed to check if /home/uddam/newenv/bin/python is an executable [Error: ENOENT: no such file or directory, lstat '/home/uddam/newenv/bin/python'] {
  errno: -2,
  code: 'ENOENT',
  syscall: 'lstat',
  path: '/home/uddam/newenv/bin/python'
}
2023-07-24 20:51:30.092 [info] > ./newenv/bin/python -I ./.vscode-server/extensions/ms-python.python-2023.12.0/pythonFiles/get_output_via_markers.py ./.vscode-server/extensions/ms-python.python-2023.12.0/pythonFiles/interpreterInfo.py
2023-07-24 20:51:30.093 [warning] Identifier for virt-virtualenv failed to identify /home/uddam/newenv/bin/python [Error: ENOENT: no such file or directory, scandir '/home/uddam/newenv/bin'] {
  errno: -2,
  code: 'ENOENT',
  syscall: 'scandir',
  path: '/home/uddam/newenv/bin'
}
2023-07-24 20:51:30.093 [warning] Identifier for virt-virtualenv failed to identify /home/uddam/newenv/bin/python [Error: ENOENT: no such file or directory, scandir '/home/uddam/newenv/bin'] {
  errno: -2,
  code: 'ENOENT',
  syscall: 'scandir',
  path: '/home/uddam/newenv/bin'
}
2023-07-24 20:51:30.135 [error] [Error: Command failed: /home/uddam/newenv/bin/python -I /home/uddam/.vscode-server/extensions/ms-python.python-2023.12.0/pythonFiles/get_output_via_markers.py /home/uddam/.vscode-server/extensions/ms-python.python-2023.12.0/pythonFiles/interpreterInfo.py
/bin/sh: 1: /home/uddam/newenv/bin/python: not found

	at ChildProcess.exithandler (node:child_process:400:12)
	at ChildProcess.emit (node:events:513:28)
	at maybeClose (node:internal/child_process:1093:16)
	at Socket.<anonymous> (node:internal/child_process:451:11)
	at Socket.emit (node:events:513:28)
	at Pipe.<anonymous> (node:net:757:14)] {
  code: 127,
  killed: false,
  signal: null,
  cmd: '/home/uddam/newenv/bin/python -I /home/uddam/.vscode-server/extensions/ms-python.python-2023.12.0/pythonFiles/get_output_via_markers.py /home/uddam/.vscode-server/extensions/ms-python.python-2023.12.0/pythonFiles/interpreterInfo.py'
}
2023-07-24 20:51:30.426 [warning] Failed to check if /home/uddam/newenv/bin/python is an executable [Error: ENOENT: no such file or directory, lstat '/home/uddam/newenv/bin/python'] {
  errno: -2,
  code: 'ENOENT',
  syscall: 'lstat',
  path: '/home/uddam/newenv/bin/python'
}
2023-07-24 20:51:30.428 [warning] Identifier for virt-virtualenv failed to identify /home/uddam/newenv/bin/python [Error: ENOENT: no such file or directory, scandir '/home/uddam/newenv/bin'] {
  errno: -2,
  code: 'ENOENT',
  syscall: 'scandir',
  path: '/home/uddam/newenv/bin'
}
2023-07-24 20:51:31.225 [warning] Failed to check if /home/uddam/newenv/bin/python is an executable [Error: ENOENT: no such file or directory, lstat '/home/uddam/newenv/bin/python'] {
  errno: -2,
  code: 'ENOENT',
  syscall: 'lstat',
  path: '/home/uddam/newenv/bin/python'
}
2023-07-24 20:51:31.225 [warning] Failed to check if /home/uddam/newenv/bin/python is an executable [Error: ENOENT: no such file or directory, lstat '/home/uddam/newenv/bin/python'] {
  errno: -2,
  code: 'ENOENT',
  syscall: 'lstat',
  path: '/home/uddam/newenv/bin/python'
}
2023-07-24 20:51:31.226 [warning] Failed to check if /home/uddam/newenv/bin/python is an executable [Error: ENOENT: no such file or directory, lstat '/home/uddam/newenv/bin/python'] {
  errno: -2,
  code: 'ENOENT',
  syscall: 'lstat',
  path: '/home/uddam/newenv/bin/python'
}
2023-07-24 20:51:31.228 [warning] Identifier for virt-virtualenv failed to identify /home/uddam/newenv/bin/python [Error: ENOENT: no such file or directory, scandir '/home/uddam/newenv/bin'] {
  errno: -2,
  code: 'ENOENT',
  syscall: 'scandir',
  path: '/home/uddam/newenv/bin'
}
2023-07-24 20:51:31.228 [warning] Identifier for virt-virtualenv failed to identify /home/uddam/newenv/bin/python [Error: ENOENT: no such file or directory, scandir '/home/uddam/newenv/bin'] {
  errno: -2,
  code: 'ENOENT',
  syscall: 'scandir',
  path: '/home/uddam/newenv/bin'
}
2023-07-24 20:51:31.228 [warning] Identifier for virt-virtualenv failed to identify /home/uddam/newenv/bin/python [Error: ENOENT: no such file or directory, scandir '/home/uddam/newenv/bin'] {
  errno: -2,
  code: 'ENOENT',
  syscall: 'scandir',
  path: '/home/uddam/newenv/bin'
}
2023-07-24 20:51:32.148 [info] > ./newenv/bin/python -I ./.vscode-server/extensions/ms-python.python-2023.12.0/pythonFiles/get_output_via_markers.py ./.vscode-server/extensions/ms-python.python-2023.12.0/pythonFiles/interpreterInfo.py
2023-07-24 20:51:32.150 [error] [Error: Command failed: /home/uddam/newenv/bin/python -I /home/uddam/.vscode-server/extensions/ms-python.python-2023.12.0/pythonFiles/get_output_via_markers.py /home/uddam/.vscode-server/extensions/ms-python.python-2023.12.0/pythonFiles/interpreterInfo.py
/bin/sh: 1: /home/uddam/newenv/bin/python: not found

	at ChildProcess.exithandler (node:child_process:400:12)
	at ChildProcess.emit (node:events:513:28)
	at maybeClose (node:internal/child_process:1093:16)
	at Process.ChildProcess._handle.onexit (node:internal/child_process:302:5)] {
  code: 127,
  killed: false,
  signal: null,
  cmd: '/home/uddam/newenv/bin/python -I /home/uddam/.vscode-server/extensions/ms-python.python-2023.12.0/pythonFiles/get_output_via_markers.py /home/uddam/.vscode-server/extensions/ms-python.python-2023.12.0/pythonFiles/interpreterInfo.py'
}
2023-07-24 20:51:32.392 [warning] Failed to check if /home/uddam/newenv/bin/python is an executable [Error: ENOENT: no such file or directory, lstat '/home/uddam/newenv/bin/python'] {
  errno: -2,
  code: 'ENOENT',
  syscall: 'lstat',
  path: '/home/uddam/newenv/bin/python'
}
2023-07-24 20:51:32.400 [warning] Identifier for virt-virtualenv failed to identify /home/uddam/newenv/bin/python [Error: ENOENT: no such file or directory, scandir '/home/uddam/newenv/bin'] {
  errno: -2,
  code: 'ENOENT',
  syscall: 'scandir',
  path: '/home/uddam/newenv/bin'
}
2023-07-24 20:51:33.272 [info] Starting Pylance language server.
2023-07-24 20:51:33.276 [warning] Failed to check if /home/uddam/newenv/bin/python is an executable [Error: ENOENT: no such file or directory, lstat '/home/uddam/newenv/bin/python'] {
  errno: -2,
  code: 'ENOENT',
  syscall: 'lstat',
  path: '/home/uddam/newenv/bin/python'
}
2023-07-24 20:51:33.276 [warning] Failed to check if /home/uddam/newenv/bin/python is an executable [Error: ENOENT: no such file or directory, lstat '/home/uddam/newenv/bin/python'] {
  errno: -2,
  code: 'ENOENT',
  syscall: 'lstat',
  path: '/home/uddam/newenv/bin/python'
}
2023-07-24 20:51:33.284 [warning] Failed to check if /home/uddam/newenv/bin/python is an executable [Error: ENOENT: no such file or directory, lstat '/home/uddam/newenv/bin/python'] {
  errno: -2,
  code: 'ENOENT',
  syscall: 'lstat',
  path: '/home/uddam/newenv/bin/python'
}
2023-07-24 20:51:33.285 [warning] Identifier for virt-virtualenv failed to identify /home/uddam/newenv/bin/python [Error: ENOENT: no such file or directory, scandir '/home/uddam/newenv/bin'] {
  errno: -2,
  code: 'ENOENT',
  syscall: 'scandir',
  path: '/home/uddam/newenv/bin'
}
2023-07-24 20:51:33.285 [warning] Identifier for virt-virtualenv failed to identify /home/uddam/newenv/bin/python [Error: ENOENT: no such file or directory, scandir '/home/uddam/newenv/bin'] {
  errno: -2,
  code: 'ENOENT',
  syscall: 'scandir',
  path: '/home/uddam/newenv/bin'
}
2023-07-24 20:51:33.306 [warning] Identifier for virt-virtualenv failed to identify /home/uddam/newenv/bin/python [Error: ENOENT: no such file or directory, scandir '/home/uddam/newenv/bin'] {
  errno: -2,
  code: 'ENOENT',
  syscall: 'scandir',
  path: '/home/uddam/newenv/bin'
}
2023-07-24 20:51:40.393 [warning] Failed to check if /home/uddam/newenv/bin/python is an executable [Error: ENOENT: no such file or directory, lstat '/home/uddam/newenv/bin/python'] {
  errno: -2,
  code: 'ENOENT',
  syscall: 'lstat',
  path: '/home/uddam/newenv/bin/python'
}
2023-07-24 20:51:40.395 [warning] Identifier for virt-virtualenv failed to identify /home/uddam/newenv/bin/python [Error: ENOENT: no such file or directory, scandir '/home/uddam/newenv/bin'] {
  errno: -2,
  code: 'ENOENT',
  syscall: 'scandir',
  path: '/home/uddam/newenv/bin'
}
2023-07-24 20:51:42.526 [warning] Failed to check if /home/uddam/newenv/bin/python is an executable [Error: ENOENT: no such file or directory, lstat '/home/uddam/newenv/bin/python'] {
  errno: -2,
  code: 'ENOENT',
  syscall: 'lstat',
  path: '/home/uddam/newenv/bin/python'
}
2023-07-24 20:51:42.526 [warning] Failed to check if /home/uddam/newenv/bin/python is an executable [Error: ENOENT: no such file or directory, lstat '/home/uddam/newenv/bin/python'] {
  errno: -2,
  code: 'ENOENT',
  syscall: 'lstat',
  path: '/home/uddam/newenv/bin/python'
}
2023-07-24 20:51:42.528 [warning] Identifier for virt-virtualenv failed to identify /home/uddam/newenv/bin/python [Error: ENOENT: no such file or directory, scandir '/home/uddam/newenv/bin'] {
  errno: -2,
  code: 'ENOENT',
  syscall: 'scandir',
  path: '/home/uddam/newenv/bin'
}
2023-07-24 20:51:42.528 [warning] Identifier for virt-virtualenv failed to identify /home/uddam/newenv/bin/python [Error: ENOENT: no such file or directory, scandir '/home/uddam/newenv/bin'] {
  errno: -2,
  code: 'ENOENT',
  syscall: 'scandir',
  path: '/home/uddam/newenv/bin'
}
2023-07-24 20:51:42.548 [warning] Failed to check if /home/uddam/newenv/bin/python is an executable [Error: ENOENT: no such file or directory, lstat '/home/uddam/newenv/bin/python'] {
  errno: -2,
  code: 'ENOENT',
  syscall: 'lstat',
  path: '/home/uddam/newenv/bin/python'
}
2023-07-24 20:51:42.549 [warning] Identifier for virt-virtualenv failed to identify /home/uddam/newenv/bin/python [Error: ENOENT: no such file or directory, scandir '/home/uddam/newenv/bin'] {
  errno: -2,
  code: 'ENOENT',
  syscall: 'scandir',
  path: '/home/uddam/newenv/bin'
}
2023-07-24 20:51:43.107 [warning] Failed to check if /home/uddam/newenv/bin/python is an executable [Error: ENOENT: no such file or directory, lstat '/home/uddam/newenv/bin/python'] {
  errno: -2,
  code: 'ENOENT',
  syscall: 'lstat',
  path: '/home/uddam/newenv/bin/python'
}
2023-07-24 20:51:43.109 [warning] Identifier for virt-virtualenv failed to identify /home/uddam/newenv/bin/python [Error: ENOENT: no such file or directory, scandir '/home/uddam/newenv/bin'] {
  errno: -2,
  code: 'ENOENT',
  syscall: 'scandir',
  path: '/home/uddam/newenv/bin'
}
2023-07-24 20:52:27.535 [warning] Failed to check if /home/uddam/newenv/bin/python is an executable [Error: ENOENT: no such file or directory, lstat '/home/uddam/newenv/bin/python'] {
  errno: -2,
  code: 'ENOENT',
  syscall: 'lstat',
  path: '/home/uddam/newenv/bin/python'
}
2023-07-24 20:52:27.536 [warning] Failed to check if /home/uddam/newenv/bin/python is an executable [Error: ENOENT: no such file or directory, lstat '/home/uddam/newenv/bin/python'] {
  errno: -2,
  code: 'ENOENT',
  syscall: 'lstat',
  path: '/home/uddam/newenv/bin/python'
}
2023-07-24 20:52:27.538 [warning] Identifier for virt-virtualenv failed to identify /home/uddam/newenv/bin/python [Error: ENOENT: no such file or directory, scandir '/home/uddam/newenv/bin'] {
  errno: -2,
  code: 'ENOENT',
  syscall: 'scandir',
  path: '/home/uddam/newenv/bin'
}
2023-07-24 20:52:27.538 [warning] Identifier for virt-virtualenv failed to identify /home/uddam/newenv/bin/python [Error: ENOENT: no such file or directory, scandir '/home/uddam/newenv/bin'] {
  errno: -2,
  code: 'ENOENT',
  syscall: 'scandir',
  path: '/home/uddam/newenv/bin'
}
2023-07-24 20:52:27.557 [warning] Failed to check if /home/uddam/newenv/bin/python is an executable [Error: ENOENT: no such file or directory, lstat '/home/uddam/newenv/bin/python'] {
  errno: -2,
  code: 'ENOENT',
  syscall: 'lstat',
  path: '/home/uddam/newenv/bin/python'
}
2023-07-24 20:52:27.558 [warning] Identifier for virt-virtualenv failed to identify /home/uddam/newenv/bin/python [Error: ENOENT: no such file or directory, scandir '/home/uddam/newenv/bin'] {
  errno: -2,
  code: 'ENOENT',
  syscall: 'scandir',
  path: '/home/uddam/newenv/bin'
}
2023-07-24 23:14:47.099 [warning] Failed to check if /home/uddam/newenv/bin/python is an executable [Error: ENOENT: no such file or directory, lstat '/home/uddam/newenv/bin/python'] {
  errno: -2,
  code: 'ENOENT',
  syscall: 'lstat',
  path: '/home/uddam/newenv/bin/python'
}
2023-07-24 23:14:47.102 [warning] Failed to check if /home/uddam/newenv/bin/python is an executable [Error: ENOENT: no such file or directory, lstat '/home/uddam/newenv/bin/python'] {
  errno: -2,
  code: 'ENOENT',
  syscall: 'lstat',
  path: '/home/uddam/newenv/bin/python'
}
2023-07-24 23:14:47.104 [warning] Identifier for virt-virtualenv failed to identify /home/uddam/newenv/bin/python [Error: ENOENT: no such file or directory, scandir '/home/uddam/newenv/bin'] {
  errno: -2,
  code: 'ENOENT',
  syscall: 'scandir',
  path: '/home/uddam/newenv/bin'
}
2023-07-24 23:14:47.104 [warning] Identifier for virt-virtualenv failed to identify /home/uddam/newenv/bin/python [Error: ENOENT: no such file or directory, scandir '/home/uddam/newenv/bin'] {
  errno: -2,
  code: 'ENOENT',
  syscall: 'scandir',
  path: '/home/uddam/newenv/bin'
}
2023-07-24 23:14:47.383 [warning] Failed to check if /home/uddam/newenv/bin/python is an executable [Error: ENOENT: no such file or directory, lstat '/home/uddam/newenv/bin/python'] {
  errno: -2,
  code: 'ENOENT',
  syscall: 'lstat',
  path: '/home/uddam/newenv/bin/python'
}
2023-07-24 23:14:47.385 [warning] Identifier for virt-virtualenv failed to identify /home/uddam/newenv/bin/python [Error: ENOENT: no such file or directory, scandir '/home/uddam/newenv/bin'] {
  errno: -2,
  code: 'ENOENT',
  syscall: 'scandir',
  path: '/home/uddam/newenv/bin'
}
2023-07-24 23:14:51.060 [warning] Failed to check if /home/uddam/newenv/bin/python is an executable [Error: ENOENT: no such file or directory, lstat '/home/uddam/newenv/bin/python'] {
  errno: -2,
  code: 'ENOENT',
  syscall: 'lstat',
  path: '/home/uddam/newenv/bin/python'
}
2023-07-24 23:14:51.060 [warning] Failed to check if /home/uddam/newenv/bin/python is an executable [Error: ENOENT: no such file or directory, lstat '/home/uddam/newenv/bin/python'] {
  errno: -2,
  code: 'ENOENT',
  syscall: 'lstat',
  path: '/home/uddam/newenv/bin/python'
}
2023-07-24 23:14:51.063 [warning] Identifier for virt-virtualenv failed to identify /home/uddam/newenv/bin/python [Error: ENOENT: no such file or directory, scandir '/home/uddam/newenv/bin'] {
  errno: -2,
  code: 'ENOENT',
  syscall: 'scandir',
  path: '/home/uddam/newenv/bin'
}
2023-07-24 23:14:51.063 [warning] Identifier for virt-virtualenv failed to identify /home/uddam/newenv/bin/python [Error: ENOENT: no such file or directory, scandir '/home/uddam/newenv/bin'] {
  errno: -2,
  code: 'ENOENT',
  syscall: 'scandir',
  path: '/home/uddam/newenv/bin'
}
2023-07-24 23:14:51.282 [warning] Failed to check if /home/uddam/newenv/bin/python is an executable [Error: ENOENT: no such file or directory, lstat '/home/uddam/newenv/bin/python'] {
  errno: -2,
  code: 'ENOENT',
  syscall: 'lstat',
  path: '/home/uddam/newenv/bin/python'
}
2023-07-24 23:14:51.283 [warning] Identifier for virt-virtualenv failed to identify /home/uddam/newenv/bin/python [Error: ENOENT: no such file or directory, scandir '/home/uddam/newenv/bin'] {
  errno: -2,
  code: 'ENOENT',
  syscall: 'scandir',
  path: '/home/uddam/newenv/bin'
}
2023-07-24 23:29:43.105 [warning] Failed to check if /home/uddam/newenv/bin/python is an executable [Error: ENOENT: no such file or directory, lstat '/home/uddam/newenv/bin/python'] {
  errno: -2,
  code: 'ENOENT',
  syscall: 'lstat',
  path: '/home/uddam/newenv/bin/python'
}
2023-07-24 23:29:43.109 [warning] Identifier for virt-virtualenv failed to identify /home/uddam/newenv/bin/python [Error: ENOENT: no such file or directory, scandir '/home/uddam/newenv/bin'] {
  errno: -2,
  code: 'ENOENT',
  syscall: 'scandir',
  path: '/home/uddam/newenv/bin'
}
2023-07-24 23:39:00.187 [warning] Failed to check if /home/uddam/newenv/bin/python is an executable [Error: ENOENT: no such file or directory, lstat '/home/uddam/newenv/bin/python'] {
  errno: -2,
  code: 'ENOENT',
  syscall: 'lstat',
  path: '/home/uddam/newenv/bin/python'
}
2023-07-24 23:39:00.192 [warning] Identifier for virt-virtualenv failed to identify /home/uddam/newenv/bin/python [Error: ENOENT: no such file or directory, scandir '/home/uddam/newenv/bin'] {
  errno: -2,
  code: 'ENOENT',
  syscall: 'scandir',
  path: '/home/uddam/newenv/bin'
}
2023-07-24 23:39:03.090 [warning] Failed to check if /home/uddam/newenv/bin/python is an executable [Error: ENOENT: no such file or directory, lstat '/home/uddam/newenv/bin/python'] {
  errno: -2,
  code: 'ENOENT',
  syscall: 'lstat',
  path: '/home/uddam/newenv/bin/python'
}
2023-07-24 23:39:03.090 [warning] Failed to check if /home/uddam/newenv/bin/python is an executable [Error: ENOENT: no such file or directory, lstat '/home/uddam/newenv/bin/python'] {
  errno: -2,
  code: 'ENOENT',
  syscall: 'lstat',
  path: '/home/uddam/newenv/bin/python'
}
2023-07-24 23:39:03.096 [warning] Identifier for virt-virtualenv failed to identify /home/uddam/newenv/bin/python [Error: ENOENT: no such file or directory, scandir '/home/uddam/newenv/bin'] {
  errno: -2,
  code: 'ENOENT',
  syscall: 'scandir',
  path: '/home/uddam/newenv/bin'
}
2023-07-24 23:39:03.096 [warning] Identifier for virt-virtualenv failed to identify /home/uddam/newenv/bin/python [Error: ENOENT: no such file or directory, scandir '/home/uddam/newenv/bin'] {
  errno: -2,
  code: 'ENOENT',
  syscall: 'scandir',
  path: '/home/uddam/newenv/bin'
}
2023-07-24 23:39:03.288 [warning] Failed to check if /home/uddam/newenv/bin/python is an executable [Error: ENOENT: no such file or directory, lstat '/home/uddam/newenv/bin/python'] {
  errno: -2,
  code: 'ENOENT',
  syscall: 'lstat',
  path: '/home/uddam/newenv/bin/python'
}
2023-07-24 23:39:03.290 [warning] Identifier for virt-virtualenv failed to identify /home/uddam/newenv/bin/python [Error: ENOENT: no such file or directory, scandir '/home/uddam/newenv/bin'] {
  errno: -2,
  code: 'ENOENT',
  syscall: 'scandir',
  path: '/home/uddam/newenv/bin'
}
2023-07-24 23:39:05.439 [warning] Failed to check if /home/uddam/newenv/bin/python is an executable [Error: ENOENT: no such file or directory, lstat '/home/uddam/newenv/bin/python'] {
  errno: -2,
  code: 'ENOENT',
  syscall: 'lstat',
  path: '/home/uddam/newenv/bin/python'
}
2023-07-24 23:39:05.439 [warning] Failed to check if /home/uddam/newenv/bin/python is an executable [Error: ENOENT: no such file or directory, lstat '/home/uddam/newenv/bin/python'] {
  errno: -2,
  code: 'ENOENT',
  syscall: 'lstat',
  path: '/home/uddam/newenv/bin/python'
}
2023-07-24 23:39:05.442 [warning] Identifier for virt-virtualenv failed to identify /home/uddam/newenv/bin/python [Error: ENOENT: no such file or directory, scandir '/home/uddam/newenv/bin'] {
  errno: -2,
  code: 'ENOENT',
  syscall: 'scandir',
  path: '/home/uddam/newenv/bin'
}
2023-07-24 23:39:05.442 [warning] Identifier for virt-virtualenv failed to identify /home/uddam/newenv/bin/python [Error: ENOENT: no such file or directory, scandir '/home/uddam/newenv/bin'] {
  errno: -2,
  code: 'ENOENT',
  syscall: 'scandir',
  path: '/home/uddam/newenv/bin'
}
2023-07-24 23:39:05.668 [warning] Failed to check if /home/uddam/newenv/bin/python is an executable [Error: ENOENT: no such file or directory, lstat '/home/uddam/newenv/bin/python'] {
  errno: -2,
  code: 'ENOENT',
  syscall: 'lstat',
  path: '/home/uddam/newenv/bin/python'
}
2023-07-24 23:39:05.670 [warning] Identifier for virt-virtualenv failed to identify /home/uddam/newenv/bin/python [Error: ENOENT: no such file or directory, scandir '/home/uddam/newenv/bin'] {
  errno: -2,
  code: 'ENOENT',
  syscall: 'scandir',
  path: '/home/uddam/newenv/bin'
}
2023-07-24 23:39:06.951 [warning] Failed to check if /home/uddam/newenv/bin/python is an executable [Error: ENOENT: no such file or directory, lstat '/home/uddam/newenv/bin/python'] {
  errno: -2,
  code: 'ENOENT',
  syscall: 'lstat',
  path: '/home/uddam/newenv/bin/python'
}
2023-07-24 23:39:06.951 [warning] Failed to check if /home/uddam/newenv/bin/python is an executable [Error: ENOENT: no such file or directory, lstat '/home/uddam/newenv/bin/python'] {
  errno: -2,
  code: 'ENOENT',
  syscall: 'lstat',
  path: '/home/uddam/newenv/bin/python'
}
2023-07-24 23:39:06.956 [warning] Identifier for virt-virtualenv failed to identify /home/uddam/newenv/bin/python [Error: ENOENT: no such file or directory, scandir '/home/uddam/newenv/bin'] {
  errno: -2,
  code: 'ENOENT',
  syscall: 'scandir',
  path: '/home/uddam/newenv/bin'
}
2023-07-24 23:39:06.956 [warning] Identifier for virt-virtualenv failed to identify /home/uddam/newenv/bin/python [Error: ENOENT: no such file or directory, scandir '/home/uddam/newenv/bin'] {
  errno: -2,
  code: 'ENOENT',
  syscall: 'scandir',
  path: '/home/uddam/newenv/bin'
}
2023-07-24 23:39:07.160 [warning] Failed to check if /home/uddam/newenv/bin/python is an executable [Error: ENOENT: no such file or directory, lstat '/home/uddam/newenv/bin/python'] {
  errno: -2,
  code: 'ENOENT',
  syscall: 'lstat',
  path: '/home/uddam/newenv/bin/python'
}
2023-07-24 23:39:07.162 [warning] Identifier for virt-virtualenv failed to identify /home/uddam/newenv/bin/python [Error: ENOENT: no such file or directory, scandir '/home/uddam/newenv/bin'] {
  errno: -2,
  code: 'ENOENT',
  syscall: 'scandir',
  path: '/home/uddam/newenv/bin'
}
2023-07-24 23:39:10.629 [warning] Failed to check if /home/uddam/newenv/bin/python is an executable [Error: ENOENT: no such file or directory, lstat '/home/uddam/newenv/bin/python'] {
  errno: -2,
  code: 'ENOENT',
  syscall: 'lstat',
  path: '/home/uddam/newenv/bin/python'
}
2023-07-24 23:39:10.632 [warning] Identifier for virt-virtualenv failed to identify /home/uddam/newenv/bin/python [Error: ENOENT: no such file or directory, scandir '/home/uddam/newenv/bin'] {
  errno: -2,
  code: 'ENOENT',
  syscall: 'scandir',
  path: '/home/uddam/newenv/bin'
}
2023-07-24 23:39:11.875 [warning] Failed to check if /home/uddam/newenv/bin/python is an executable [Error: ENOENT: no such file or directory, lstat '/home/uddam/newenv/bin/python'] {
  errno: -2,
  code: 'ENOENT',
  syscall: 'lstat',
  path: '/home/uddam/newenv/bin/python'
}
2023-07-24 23:39:11.877 [warning] Identifier for virt-virtualenv failed to identify /home/uddam/newenv/bin/python [Error: ENOENT: no such file or directory, scandir '/home/uddam/newenv/bin'] {
  errno: -2,
  code: 'ENOENT',
  syscall: 'scandir',
  path: '/home/uddam/newenv/bin'
}
2023-07-24 23:39:21.592 [warning] Failed to check if /home/uddam/newenv/bin/python is an executable [Error: ENOENT: no such file or directory, lstat '/home/uddam/newenv/bin/python'] {
  errno: -2,
  code: 'ENOENT',
  syscall: 'lstat',
  path: '/home/uddam/newenv/bin/python'
}
2023-07-24 23:39:21.592 [warning] Failed to check if /home/uddam/newenv/bin/python is an executable [Error: ENOENT: no such file or directory, lstat '/home/uddam/newenv/bin/python'] {
  errno: -2,
  code: 'ENOENT',
  syscall: 'lstat',
  path: '/home/uddam/newenv/bin/python'
}
2023-07-24 23:39:21.598 [warning] Identifier for virt-virtualenv failed to identify /home/uddam/newenv/bin/python [Error: ENOENT: no such file or directory, scandir '/home/uddam/newenv/bin'] {
  errno: -2,
  code: 'ENOENT',
  syscall: 'scandir',
  path: '/home/uddam/newenv/bin'
}
2023-07-24 23:39:21.599 [warning] Identifier for virt-virtualenv failed to identify /home/uddam/newenv/bin/python [Error: ENOENT: no such file or directory, scandir '/home/uddam/newenv/bin'] {
  errno: -2,
  code: 'ENOENT',
  syscall: 'scandir',
  path: '/home/uddam/newenv/bin'
}
2023-07-24 23:39:21.859 [warning] Failed to check if /home/uddam/newenv/bin/python is an executable [Error: ENOENT: no such file or directory, lstat '/home/uddam/newenv/bin/python'] {
  errno: -2,
  code: 'ENOENT',
  syscall: 'lstat',
  path: '/home/uddam/newenv/bin/python'
}
2023-07-24 23:39:21.861 [warning] Identifier for virt-virtualenv failed to identify /home/uddam/newenv/bin/python [Error: ENOENT: no such file or directory, scandir '/home/uddam/newenv/bin'] {
  errno: -2,
  code: 'ENOENT',
  syscall: 'scandir',
  path: '/home/uddam/newenv/bin'
}
2023-07-24 23:39:22.564 [warning] Failed to check if /home/uddam/newenv/bin/python is an executable [Error: ENOENT: no such file or directory, lstat '/home/uddam/newenv/bin/python'] {
  errno: -2,
  code: 'ENOENT',
  syscall: 'lstat',
  path: '/home/uddam/newenv/bin/python'
}
2023-07-24 23:39:22.569 [warning] Identifier for virt-virtualenv failed to identify /home/uddam/newenv/bin/python [Error: ENOENT: no such file or directory, scandir '/home/uddam/newenv/bin'] {
  errno: -2,
  code: 'ENOENT',
  syscall: 'scandir',
  path: '/home/uddam/newenv/bin'
}
