2023-07-25 14:41:18.097 [info] Experiment 'pythonPromptNewFormatterExt' is active
2023-07-25 14:41:18.097 [info] Experiment 'pythonPromptNewToolsExt' is active
2023-07-25 14:41:18.097 [info] Test server listening.
2023-07-25 14:41:18.301 [info] > C:\Users\uddam\AppData\Local\Microsoft\WindowsApps\python3.10.exe -c "import sys;print(sys.executable)"
2023-07-25 14:41:18.407 [error] [Error: Command failed: C:\Users\uddam\AppData\Local\Microsoft\WindowsApps\python3.10.exe -c "import sys;print(sys.executable)"
/bin/sh: 1: C:UsersuddamAppDataLocalMicrosoftWindowsAppspython3.10.exe: not found

	at ChildProcess.exithandler (node:child_process:400:12)
	at ChildProcess.emit (node:events:513:28)
	at maybeClose (node:internal/child_process:1093:16)
	at Socket.<anonymous> (node:internal/child_process:451:11)
	at Socket.emit (node:events:513:28)
	at Pipe.<anonymous> (node:net:757:14)] {
  code: 127,
  killed: false,
  signal: null,
  cmd: 'C:\\Users\\uddam\\AppData\\Local\\Microsoft\\WindowsApps\\python3.10.exe -c "import sys;print(sys.executable)"'
}
2023-07-25 14:41:19.797 [info] Starting Pylance language server.
2023-07-25 15:11:04.303 [info] > conda info --json
2023-07-25 15:11:04.313 [info] Found: /bin/python3 --> /bin/python3.9
2023-07-25 15:11:04.313 [info] Found: /bin/python3.10 --> /bin/python3.10
2023-07-25 15:11:04.314 [info] Found: /bin/python3.9 --> /bin/python3.9
2023-07-25 15:11:04.324 [info] Found: /usr/bin/python3 --> /usr/bin/python3.9
2023-07-25 15:11:04.325 [info] Found: /usr/bin/python3.10 --> /usr/bin/python3.10
2023-07-25 15:11:04.325 [info] Found: /usr/bin/python3.9 --> /usr/bin/python3.9
2023-07-25 15:11:04.332 [info] > ./.virtualenvs/uddam-xWptzJbx/bin/python -I ./.vscode-server/extensions/ms-python.python-2023.12.0/pythonFiles/get_output_via_markers.py ./.vscode-server/extensions/ms-python.python-2023.12.0/pythonFiles/interpreterInfo.py
2023-07-25 15:11:04.346 [info] > ./.local/share/virtualenvs/uddam-xWptzJbx/bin/python -I ./.vscode-server/extensions/ms-python.python-2023.12.0/pythonFiles/get_output_via_markers.py ./.vscode-server/extensions/ms-python.python-2023.12.0/pythonFiles/interpreterInfo.py
2023-07-25 15:11:04.466 [info] > /bin/python3 -I ./.vscode-server/extensions/ms-python.python-2023.12.0/pythonFiles/get_output_via_markers.py ./.vscode-server/extensions/ms-python.python-2023.12.0/pythonFiles/interpreterInfo.py
2023-07-25 15:11:04.487 [info] > /bin/python3.10 -I ./.vscode-server/extensions/ms-python.python-2023.12.0/pythonFiles/get_output_via_markers.py ./.vscode-server/extensions/ms-python.python-2023.12.0/pythonFiles/interpreterInfo.py
2023-07-25 15:11:04.510 [info] > /usr/bin/python3 -I ./.vscode-server/extensions/ms-python.python-2023.12.0/pythonFiles/get_output_via_markers.py ./.vscode-server/extensions/ms-python.python-2023.12.0/pythonFiles/interpreterInfo.py
2023-07-25 15:11:04.543 [info] > /usr/bin/python3.10 -I ./.vscode-server/extensions/ms-python.python-2023.12.0/pythonFiles/get_output_via_markers.py ./.vscode-server/extensions/ms-python.python-2023.12.0/pythonFiles/interpreterInfo.py
2023-07-25 15:11:09.094 [info] Discover tests for workspace name: uddam - uri: /home/uddam
2023-07-25 15:11:09.096 [info] Python interpreter path: ./.virtualenvs/uddam-xWptzJbx/bin/python
2023-07-25 15:11:09.113 [info] > . ./.virtualenvs/uddam-xWptzJbx/bin/activate && echo 'e8b39361-0157-4923-80e1-22d70d46dee6' && python ./.vscode-server/extensions/ms-python.python-2023.12.0/pythonFiles/printEnvVariables.py
2023-07-25 15:11:09.113 [info] shell: bash
2023-07-25 15:11:09.141 [info] > ./.virtualenvs/uddam-xWptzJbx/bin/python ./.vscode-server/extensions/ms-python.python-2023.12.0/pythonFiles/testing_tools/run_adapter.py discover pytest -- --rootdir . -s --cache-clear .
2023-07-25 15:11:09.141 [info] cwd: .
