2023-07-21 17:50:32.832 [info] Log level: Info
2023-07-21 17:50:32.832 [info] Validating found git in: "git"
2023-07-21 17:50:32.832 [info] Using git "2.34.1" from "git"
2023-07-21 17:50:32.832 [info] > git rev-parse --show-toplevel [67ms]
2023-07-21 17:50:32.832 [info] > git rev-parse --git-dir --git-common-dir [53ms]
2023-07-21 17:50:32.832 [info] Open repository: /home/uddam
2023-07-21 17:50:32.832 [info] > git rev-parse --show-toplevel [9ms]
2023-07-21 17:50:32.836 [info] > git rev-parse --show-toplevel [7ms]
2023-07-21 17:50:32.844 [info] > git config --get commit.template [27ms]
2023-07-21 17:50:32.847 [info] > git rev-parse --show-toplevel [5ms]
2023-07-21 17:50:32.863 [info] > git rev-parse --show-toplevel [11ms]
2023-07-21 17:50:32.871 [info] > git rev-parse --show-toplevel [2ms]
2023-07-21 17:50:32.880 [info] > git for-each-ref --format=%(refname)%00%(upstream:short)%00%(objectname)%00%(upstream:track)%00%(upstream:remotename)%00%(upstream:remoteref) refs/heads/main refs/remotes/main [19ms]
2023-07-21 17:50:32.890 [info] > git rev-parse --show-toplevel [10ms]
2023-07-21 17:50:32.897 [info] > git rev-parse --show-toplevel [1ms]
2023-07-21 17:50:32.904 [info] > git rev-parse --show-toplevel [2ms]
2023-07-21 17:50:32.911 [info] > git rev-parse --show-toplevel [1ms]
2023-07-21 17:50:32.916 [info] > git rev-parse --show-toplevel [0ms]
2023-07-21 17:50:32.923 [info] > git rev-parse --show-toplevel [1ms]
2023-07-21 17:50:32.928 [info] > git status -z -uall [39ms]
2023-07-21 17:50:32.933 [info] > git rev-parse --show-toplevel [6ms]
2023-07-21 17:50:32.940 [info] > git config --get commit.template [6ms]
2023-07-21 17:50:32.940 [info] > git rev-parse --show-toplevel [1ms]
2023-07-21 17:50:32.949 [info] > git for-each-ref --format=%(refname)%00%(upstream:short)%00%(objectname)%00%(upstream:track)%00%(upstream:remotename)%00%(upstream:remoteref) refs/heads/main refs/remotes/main [1ms]
2023-07-21 17:50:32.953 [info] > git rev-parse --show-toplevel [9ms]
2023-07-21 17:50:32.961 [info] > git rev-parse --show-toplevel [1ms]
2023-07-21 17:50:32.965 [info] > git rev-parse --show-toplevel [1ms]
2023-07-21 17:50:32.971 [info] > git rev-parse --show-toplevel [1ms]
2023-07-21 17:50:32.977 [info] > git status -z -uall [24ms]
2023-07-21 17:50:32.978 [info] > git rev-parse --show-toplevel [2ms]
2023-07-21 17:50:32.982 [info] > git rev-parse --show-toplevel [0ms]
2023-07-21 17:50:33.198 [info] > git show --textconv :storefront/settings/prod.py [5ms]
2023-07-21 17:50:33.200 [info] > git ls-files --stage -- /home/uddam/storefront/settings/prod.py [3ms]
2023-07-21 17:50:33.206 [info] > git cat-file -s c715c02d69a4698f4824539f5db4dba768b07298 [1ms]
2023-07-21 17:50:33.206 [info] fatal: git cat-file: could not get object info
2023-07-21 17:50:33.373 [info] > git check-ignore -v -z --stdin [14ms]
