[2023-07-15T03:22:44.954Z] starting `/usr/local/lib/heroku/bin/heroku update --autoupdate` from /usr/local/lib/heroku/bin/run version
waiting until 2023-07-15T04:22:44.932Z to update
waiting until 2023-07-15T04:22:44.932Z to update
waiting until 2023-07-15T04:22:44.932Z to update
waiting until 2023-07-15T04:22:44.932Z to update
waiting until 2023-07-15T04:22:44.932Z to update
waiting until 2023-07-15T04:22:44.932Z to update
waiting until 2023-07-15T04:22:44.932Z to update
waiting until 2023-07-15T04:22:44.932Z to update
waiting until 2023-07-15T04:22:44.932Z to update
waiting until 2023-07-15T04:22:44.932Z to update
waiting until 2023-07-15T04:22:44.932Z to update
waiting until 2023-07-15T04:22:44.932Z to update
waiting until 2023-07-15T04:22:44.932Z to update
waiting until 2023-07-15T04:22:44.932Z to update
waiting until 2023-07-15T04:22:44.932Z to update
waiting until 2023-07-15T04:22:44.932Z to update
waiting until 2023-07-15T04:22:44.932Z to update
waiting until 2023-07-15T04:22:44.932Z to update
waiting until 2023-07-15T04:22:44.932Z to update
waiting until 2023-07-15T04:22:44.932Z to update
waiting until 2023-07-15T04:22:44.932Z to update
waiting until 2023-07-15T04:22:44.932Z to update
waiting until 2023-07-15T04:22:44.932Z to update
waiting until 2023-07-15T04:22:44.932Z to update
waiting until 2023-07-15T04:22:44.932Z to update
waiting until 2023-07-15T04:22:44.932Z to update
waiting until 2023-07-15T04:22:44.932Z to update
waiting until 2023-07-15T04:22:44.932Z to update
waiting until 2023-07-15T04:22:44.932Z to update
waiting until 2023-07-15T04:22:44.932Z to update
waiting until 2023-07-15T04:22:44.932Z to update
waiting until 2023-07-15T04:22:44.932Z to update
waiting until 2023-07-15T04:22:44.932Z to update
waiting until 2023-07-15T04:22:44.932Z to update
waiting until 2023-07-15T04:22:44.932Z to update
waiting until 2023-07-15T04:22:44.932Z to update
waiting until 2023-07-15T04:22:44.932Z to update
waiting until 2023-07-15T04:22:44.932Z to update
waiting until 2023-07-15T04:22:44.932Z to update
waiting until 2023-07-15T04:22:44.932Z to update
waiting until 2023-07-15T04:22:44.932Z to update
waiting until 2023-07-15T04:22:44.932Z to update
waiting until 2023-07-15T04:22:44.932Z to update
waiting until 2023-07-15T04:22:44.932Z to update
waiting until 2023-07-15T04:22:44.932Z to update
waiting until 2023-07-15T04:22:44.932Z to update
waiting until 2023-07-15T04:22:44.932Z to update
waiting until 2023-07-15T04:22:44.932Z to update
waiting until 2023-07-15T04:22:44.932Z to update
waiting until 2023-07-15T05:11:21.130Z to update
waiting until 2023-07-15T05:11:21.130Z to update
waiting until 2023-07-15T05:13:26.499Z to update
waiting until 2023-07-15T05:13:26.499Z to update
waiting until 2023-07-15T05:13:26.499Z to update
waiting until 2023-07-15T05:16:30.453Z to update
waiting until 2023-07-15T05:16:30.453Z to update
waiting until 2023-07-15T05:16:30.453Z to update
waiting until 2023-07-15T05:16:30.453Z to update
waiting until 2023-07-15T05:20:00.979Z to update
waiting until 2023-07-15T05:20:00.979Z to update
waiting until 2023-07-15T05:21:58.786Z to update
waiting until 2023-07-15T05:21:58.786Z to update
waiting until 2023-07-15T05:21:58.786Z to update
waiting until 2023-07-15T05:21:58.786Z to update
waiting until 2023-07-15T05:21:58.786Z to update
waiting until 2023-07-15T05:26:49.658Z to update
waiting until 2023-07-15T05:27:59.385Z to update
waiting until 2023-07-15T05:27:59.385Z to update
waiting until 2023-07-15T05:27:59.385Z to update
waiting until 2023-07-15T05:27:59.385Z to update
waiting until 2023-07-15T05:27:59.385Z to update
waiting until 2023-07-15T05:27:59.385Z to update
waiting until 2023-07-15T05:27:59.385Z to update
waiting until 2023-07-15T05:27:59.385Z to update
waiting until 2023-07-15T05:27:59.385Z to update
waiting until 2023-07-15T05:27:59.385Z to update
waiting until 2023-07-15T05:27:59.385Z to update
waiting until 2023-07-15T05:27:59.385Z to update
waiting until 2023-07-15T05:27:59.385Z to update
waiting until 2023-07-15T05:41:34.931Z to update
waiting until 2023-07-15T05:41:34.931Z to update
waiting until 2023-07-15T05:41:34.931Z to update
waiting until 2023-07-15T05:41:34.931Z to update
waiting until 2023-07-15T05:44:53.801Z to update
waiting until 2023-07-15T05:44:53.801Z to update
waiting until 2023-07-15T05:44:53.801Z to update
waiting until 2023-07-15T05:44:53.801Z to update
waiting until 2023-07-15T05:44:53.801Z to update
waiting until 2023-07-15T05:44:53.801Z to update
waiting until 2023-07-15T05:44:53.801Z to update
waiting until 2023-07-15T05:44:53.801Z to update
waiting until 2023-07-15T05:44:53.801Z to update
waiting until 2023-07-15T05:44:53.801Z to update
waiting until 2023-07-15T05:44:53.801Z to update
waiting until 2023-07-15T05:44:53.801Z to update
waiting until 2023-07-15T05:44:53.801Z to update
waiting until 2023-07-15T05:44:53.801Z to update
waiting until 2023-07-15T05:44:53.801Z to update
waiting until 2023-07-15T05:44:53.801Z to update
waiting until 2023-07-15T05:44:53.801Z to update
waiting until 2023-07-15T05:44:53.801Z to update
waiting until 2023-07-15T05:44:53.801Z to update
waiting until 2023-07-15T05:44:53.801Z to update
waiting until 2023-07-15T05:44:53.801Z to update
waiting until 2023-07-15T05:44:53.801Z to update
waiting until 2023-07-15T05:44:53.801Z to update
waiting until 2023-07-15T05:44:53.801Z to update
waiting until 2023-07-15T05:44:53.801Z to update
waiting until 2023-07-15T05:44:53.801Z to update
waiting until 2023-07-15T05:44:53.801Z to update
waiting until 2023-07-15T05:44:53.801Z to update
waiting until 2023-07-15T06:13:46.571Z to update
waiting until 2023-07-15T06:13:46.571Z to update
waiting until 2023-07-15T06:15:41.314Z to update
waiting until 2023-07-15T06:15:41.314Z to update
waiting until 2023-07-15T06:17:41.563Z to update
waiting until 2023-07-15T06:17:41.563Z to update
waiting until 2023-07-15T06:17:41.563Z to update
waiting until 2023-07-15T06:17:41.563Z to update
waiting until 2023-07-15T06:17:41.563Z to update
waiting until 2023-07-15T06:17:41.563Z to update
waiting until 2023-07-15T06:17:41.563Z to update
waiting until 2023-07-15T06:17:41.563Z to update
waiting until 2023-07-15T06:17:41.563Z to update
waiting until 2023-07-15T06:17:41.563Z to update
waiting until 2023-07-15T06:17:41.563Z to update
waiting until 2023-07-15T06:17:41.563Z to update
waiting until 2023-07-15T06:17:41.563Z to update
waiting until 2023-07-15T06:17:41.563Z to update
waiting until 2023-07-15T06:17:41.563Z to update
waiting until 2023-07-15T06:17:41.563Z to update
waiting until 2023-07-15T06:17:41.563Z to update
waiting until 2023-07-15T06:17:41.563Z to update
waiting until 2023-07-15T06:17:41.563Z to update
waiting until 2023-07-15T06:17:41.563Z to update
waiting until 2023-07-15T06:17:41.563Z to update
waiting until 2023-07-15T06:17:41.563Z to update
waiting until 2023-07-15T06:17:41.563Z to update
waiting until 2023-07-15T06:17:41.563Z to update
waiting until 2023-07-15T06:17:41.563Z to update
waiting until 2023-07-15T06:17:41.563Z to update
waiting until 2023-07-15T06:17:41.563Z to update
waiting until 2023-07-15T06:17:41.563Z to update
waiting until 2023-07-15T06:17:41.563Z to update
waiting until 2023-07-15T06:17:41.563Z to update
waiting until 2023-07-15T06:17:41.563Z to update
waiting until 2023-07-15T06:17:41.563Z to update
waiting until 2023-07-15T06:17:41.563Z to update
waiting until 2023-07-15T06:17:41.563Z to update
waiting until 2023-07-15T06:17:41.563Z to update
waiting until 2023-07-15T06:17:41.563Z to update
waiting until 2023-07-15T06:17:41.563Z to update
waiting until 2023-07-15T06:17:41.563Z to update
waiting until 2023-07-15T06:17:41.563Z to update
waiting until 2023-07-15T06:17:41.563Z to update
waiting until 2023-07-15T06:17:41.563Z to update
waiting until 2023-07-15T06:17:41.563Z to update
waiting until 2023-07-15T06:17:41.563Z to update
waiting until 2023-07-15T06:17:41.563Z to update
waiting until 2023-07-15T06:17:41.563Z to update
waiting until 2023-07-15T06:17:41.563Z to update
waiting until 2023-07-15T06:17:41.563Z to update
waiting until 2023-07-15T06:17:41.563Z to update
waiting until 2023-07-15T06:17:41.563Z to update
waiting until 2023-07-15T06:17:41.563Z to update
waiting until 2023-07-15T06:17:41.563Z to update
waiting until 2023-07-15T06:17:41.563Z to update
waiting until 2023-07-15T06:17:41.563Z to update
waiting until 2023-07-15T06:17:41.563Z to update
waiting until 2023-07-15T06:17:41.563Z to update
waiting until 2023-07-15T06:17:41.563Z to update
waiting until 2023-07-15T06:17:41.563Z to update
waiting until 2023-07-15T06:17:41.563Z to update
waiting until 2023-07-15T06:17:41.563Z to update
waiting until 2023-07-15T06:17:41.563Z to update
time to update
heroku: Updating CLI...
[G[1A[Jheroku: Updating CLI... [38;5;104m⣾[0m fetching manifest
[G[1A[Jheroku: Updating CLI from 8.1.9 to 8.1.9-ba951f2...
[G[1A[Jheroku: Updating CLI from 8.1.9 to 8.1.9-ba951f2... [38;5;104m⣽[0m 16.0 KB/56.9 MB
[G[1A[Jheroku: Updating CLI from 8.1.9 to 8.1.9-ba951f2... [38;5;104m⣻[0m 16.0 KB/56.9 MB
[G[1A[Jheroku: Updating CLI from 8.1.9 to 8.1.9-ba951f2... [38;5;104m⢿[0m 16.0 KB/56.9 MB
[G[1A[Jheroku: Updating CLI from 8.1.9 to 8.1.9-ba951f2... [38;5;104m⡿[0m 2.7 MB/56.9 MB
[G[1A[Jheroku: Updating CLI from 8.1.9 to 8.1.9-ba951f2... [38;5;104m⣟[0m 2.7 MB/56.9 MB
[G[1A[Jheroku: Updating CLI from 8.1.9 to 8.1.9-ba951f2... [38;5;104m⣯[0m 6.0 MB/56.9 MB
[G[1A[Jheroku: Updating CLI from 8.1.9 to 8.1.9-ba951f2... [38;5;104m⣷[0m 6.0 MB/56.9 MB
[G[1A[Jheroku: Updating CLI from 8.1.9 to 8.1.9-ba951f2... [38;5;104m⣾[0m 6.0 MB/56.9 MB
[G[1A[Jheroku: Updating CLI from 8.1.9 to 8.1.9-ba951f2... [38;5;104m⣽[0m 9.1 MB/56.9 MB
[G[1A[Jheroku: Updating CLI from 8.1.9 to 8.1.9-ba951f2... [38;5;104m⣻[0m 9.1 MB/56.9 MB
[G[1A[Jheroku: Updating CLI from 8.1.9 to 8.1.9-ba951f2... [38;5;104m⢿[0m 11.9 MB/56.9 MB
[G[1A[Jheroku: Updating CLI from 8.1.9 to 8.1.9-ba951f2... [38;5;104m⡿[0m 11.9 MB/56.9 MB
[G[1A[Jheroku: Updating CLI from 8.1.9 to 8.1.9-ba951f2... [38;5;104m⣟[0m 11.9 MB/56.9 MB
[G[1A[Jheroku: Updating CLI from 8.1.9 to 8.1.9-ba951f2... [38;5;104m⣯[0m 15.1 MB/56.9 MB
[G[1A[Jheroku: Updating CLI from 8.1.9 to 8.1.9-ba951f2... [38;5;104m⣷[0m 15.1 MB/56.9 MB
[G[1A[Jheroku: Updating CLI from 8.1.9 to 8.1.9-ba951f2... [38;5;104m⣾[0m 18.6 MB/56.9 MB
[G[1A[Jheroku: Updating CLI from 8.1.9 to 8.1.9-ba951f2... [38;5;104m⣽[0m 18.6 MB/56.9 MB
[G[1A[Jheroku: Updating CLI from 8.1.9 to 8.1.9-ba951f2... [38;5;104m⣻[0m 18.6 MB/56.9 MB
[G[1A[Jheroku: Updating CLI from 8.1.9 to 8.1.9-ba951f2... [38;5;104m⢿[0m 22.0 MB/56.9 MB
[G[1A[Jheroku: Updating CLI from 8.1.9 to 8.1.9-ba951f2... [38;5;104m⡿[0m 22.0 MB/56.9 MB
[G[1A[Jheroku: Updating CLI from 8.1.9 to 8.1.9-ba951f2... [38;5;104m⣟[0m 25.4 MB/56.9 MB
[G[1A[Jheroku: Updating CLI from 8.1.9 to 8.1.9-ba951f2... [38;5;104m⣯[0m 25.4 MB/56.9 MB
[G[1A[Jheroku: Updating CLI from 8.1.9 to 8.1.9-ba951f2... [38;5;104m⣷[0m 25.4 MB/56.9 MB
[G[1A[Jheroku: Updating CLI from 8.1.9 to 8.1.9-ba951f2... [38;5;104m⣾[0m 28.6 MB/56.9 MB
[G[1A[Jheroku: Updating CLI from 8.1.9 to 8.1.9-ba951f2... [38;5;104m⣽[0m 28.6 MB/56.9 MB
[G[1A[Jheroku: Updating CLI from 8.1.9 to 8.1.9-ba951f2... [38;5;104m⣻[0m 28.6 MB/56.9 MB
[G[1A[Jheroku: Updating CLI from 8.1.9 to 8.1.9-ba951f2... [38;5;104m⢿[0m 29.3 MB/56.9 MB
[G[1A[Jheroku: Updating CLI from 8.1.9 to 8.1.9-ba951f2... [38;5;104m⡿[0m 29.3 MB/56.9 MB
[G[1A[Jheroku: Updating CLI from 8.1.9 to 8.1.9-ba951f2... [38;5;104m⣟[0m 29.3 MB/56.9 MB
[G[1A[Jheroku: Updating CLI from 8.1.9 to 8.1.9-ba951f2... [38;5;104m⣯[0m 29.4 MB/56.9 MB
[G[1A[Jheroku: Updating CLI from 8.1.9 to 8.1.9-ba951f2... [38;5;104m⣷[0m 29.4 MB/56.9 MB
[G[1A[Jheroku: Updating CLI from 8.1.9 to 8.1.9-ba951f2... [38;5;104m⣾[0m 29.4 MB/56.9 MB
[G[1A[Jheroku: Updating CLI from 8.1.9 to 8.1.9-ba951f2... [38;5;104m⣽[0m 29.4 MB/56.9 MB
[G[1A[Jheroku: Updating CLI from 8.1.9 to 8.1.9-ba951f2... [38;5;104m⣻[0m 29.4 MB/56.9 MB
[G[1A[Jheroku: Updating CLI from 8.1.9 to 8.1.9-ba951f2... [38;5;104m⢿[0m 29.5 MB/56.9 MB
[G[1A[Jheroku: Updating CLI from 8.1.9 to 8.1.9-ba951f2... [38;5;104m⡿[0m 29.5 MB/56.9 MB
[G[1A[Jheroku: Updating CLI from 8.1.9 to 8.1.9-ba951f2... [38;5;104m⣟[0m 30.0 MB/56.9 MB
[G[1A[Jheroku: Updating CLI from 8.1.9 to 8.1.9-ba951f2... [38;5;104m⣯[0m 30.0 MB/56.9 MB
[G[1A[Jheroku: Updating CLI from 8.1.9 to 8.1.9-ba951f2... [38;5;104m⣷[0m 30.0 MB/56.9 MB
[G[1A[Jheroku: Updating CLI from 8.1.9 to 8.1.9-ba951f2... [38;5;104m⣾[0m 30.5 MB/56.9 MB
[G[1A[Jheroku: Updating CLI from 8.1.9 to 8.1.9-ba951f2... [38;5;104m⣽[0m 30.5 MB/56.9 MB
[G[1A[Jheroku: Updating CLI from 8.1.9 to 8.1.9-ba951f2... [38;5;104m⣻[0m 31.9 MB/56.9 MB
[G[1A[Jheroku: Updating CLI from 8.1.9 to 8.1.9-ba951f2... [38;5;104m⢿[0m 31.9 MB/56.9 MB
[G[1A[Jheroku: Updating CLI from 8.1.9 to 8.1.9-ba951f2... [38;5;104m⡿[0m 31.9 MB/56.9 MB
[G[1A[Jheroku: Updating CLI from 8.1.9 to 8.1.9-ba951f2... [38;5;104m⣟[0m 35.8 MB/56.9 MB
[G[1A[Jheroku: Updating CLI from 8.1.9 to 8.1.9-ba951f2... [38;5;104m⣯[0m 35.8 MB/56.9 MB
[G[1A[Jheroku: Updating CLI from 8.1.9 to 8.1.9-ba951f2... [38;5;104m⣷[0m 41.6 MB/56.9 MB
[G[1A[Jheroku: Updating CLI from 8.1.9 to 8.1.9-ba951f2... [38;5;104m⣾[0m 41.6 MB/56.9 MB
[G[1A[Jheroku: Updating CLI from 8.1.9 to 8.1.9-ba951f2... [38;5;104m⣽[0m 41.6 MB/56.9 MB
[G[1A[Jheroku: Updating CLI from 8.1.9 to 8.1.9-ba951f2... [38;5;104m⣻[0m 42.4 MB/56.9 MB
[G[1A[Jheroku: Updating CLI from 8.1.9 to 8.1.9-ba951f2... [38;5;104m⢿[0m 42.4 MB/56.9 MB
[G[1A[Jheroku: Updating CLI from 8.1.9 to 8.1.9-ba951f2... [38;5;104m⡿[0m 42.4 MB/56.9 MB
[G[1A[Jheroku: Updating CLI from 8.1.9 to 8.1.9-ba951f2... [38;5;104m⣟[0m 42.9 MB/56.9 MB
[G[1A[Jheroku: Updating CLI from 8.1.9 to 8.1.9-ba951f2... [38;5;104m⣯[0m 42.9 MB/56.9 MB
[G[1A[Jheroku: Updating CLI from 8.1.9 to 8.1.9-ba951f2... [38;5;104m⣷[0m 42.9 MB/56.9 MB
[G[1A[Jheroku: Updating CLI from 8.1.9 to 8.1.9-ba951f2... [38;5;104m⣾[0m 43.2 MB/56.9 MB
[G[1A[Jheroku: Updating CLI from 8.1.9 to 8.1.9-ba951f2... [38;5;104m⣽[0m 43.2 MB/56.9 MB
[G[1A[Jheroku: Updating CLI from 8.1.9 to 8.1.9-ba951f2... [38;5;104m⣻[0m 43.3 MB/56.9 MB
[G[1A[Jheroku: Updating CLI from 8.1.9 to 8.1.9-ba951f2... [38;5;104m⢿[0m 43.3 MB/56.9 MB
[G[1A[Jheroku: Updating CLI from 8.1.9 to 8.1.9-ba951f2... [38;5;104m⡿[0m 43.3 MB/56.9 MB
[G[1A[Jheroku: Updating CLI from 8.1.9 to 8.1.9-ba951f2... [38;5;104m⣟[0m 43.4 MB/56.9 MB
[G[1A[Jheroku: Updating CLI from 8.1.9 to 8.1.9-ba951f2... [38;5;104m⣯[0m 43.4 MB/56.9 MB
[G[1A[Jheroku: Updating CLI from 8.1.9 to 8.1.9-ba951f2... [38;5;104m⣷[0m 43.4 MB/56.9 MB
[G[1A[Jheroku: Updating CLI from 8.1.9 to 8.1.9-ba951f2... [38;5;104m⣾[0m 43.7 MB/56.9 MB
[G[1A[Jheroku: Updating CLI from 8.1.9 to 8.1.9-ba951f2... [38;5;104m⣽[0m 43.7 MB/56.9 MB
[G[1A[Jheroku: Updating CLI from 8.1.9 to 8.1.9-ba951f2... [38;5;104m⣻[0m 43.7 MB/56.9 MB
[G[1A[Jheroku: Updating CLI from 8.1.9 to 8.1.9-ba951f2... [38;5;104m⢿[0m 43.7 MB/56.9 MB
[G[1A[Jheroku: Updating CLI from 8.1.9 to 8.1.9-ba951f2... [38;5;104m⡿[0m 43.7 MB/56.9 MB
[G[1A[Jheroku: Updating CLI from 8.1.9 to 8.1.9-ba951f2... [38;5;104m⣟[0m 43.8 MB/56.9 MB
[G[1A[Jheroku: Updating CLI from 8.1.9 to 8.1.9-ba951f2... [38;5;104m⣯[0m 43.8 MB/56.9 MB
[G[1A[Jheroku: Updating CLI from 8.1.9 to 8.1.9-ba951f2... [38;5;104m⣷[0m 43.8 MB/56.9 MB
[G[1A[Jheroku: Updating CLI from 8.1.9 to 8.1.9-ba951f2... [38;5;104m⣾[0m 44.0 MB/56.9 MB
[G[1A[Jheroku: Updating CLI from 8.1.9 to 8.1.9-ba951f2... [38;5;104m⣽[0m 44.0 MB/56.9 MB
[G[1A[Jheroku: Updating CLI from 8.1.9 to 8.1.9-ba951f2... [38;5;104m⣻[0m 44.3 MB/56.9 MB
[G[1A[Jheroku: Updating CLI from 8.1.9 to 8.1.9-ba951f2... [38;5;104m⢿[0m 44.3 MB/56.9 MB
[G[1A[Jheroku: Updating CLI from 8.1.9 to 8.1.9-ba951f2... [38;5;104m⡿[0m 44.3 MB/56.9 MB
[G[1A[Jheroku: Updating CLI from 8.1.9 to 8.1.9-ba951f2... [38;5;104m⣟[0m 44.6 MB/56.9 MB
[G[1A[Jheroku: Updating CLI from 8.1.9 to 8.1.9-ba951f2... [38;5;104m⣯[0m 44.6 MB/56.9 MB
[G[1A[Jheroku: Updating CLI from 8.1.9 to 8.1.9-ba951f2... [38;5;104m⣷[0m 44.6 MB/56.9 MB
[G[1A[Jheroku: Updating CLI from 8.1.9 to 8.1.9-ba951f2... [38;5;104m⣾[0m 44.9 MB/56.9 MB
[G[1A[Jheroku: Updating CLI from 8.1.9 to 8.1.9-ba951f2... [38;5;104m⣽[0m 44.9 MB/56.9 MB
[G[1A[Jheroku: Updating CLI from 8.1.9 to 8.1.9-ba951f2... [38;5;104m⣻[0m 45.1 MB/56.9 MB
[G[1A[Jheroku: Updating CLI from 8.1.9 to 8.1.9-ba951f2... [38;5;104m⢿[0m 45.1 MB/56.9 MB
[G[1A[Jheroku: Updating CLI from 8.1.9 to 8.1.9-ba951f2... [38;5;104m⡿[0m 45.1 MB/56.9 MB
[G[1A[Jheroku: Updating CLI from 8.1.9 to 8.1.9-ba951f2... [38;5;104m⣟[0m 45.3 MB/56.9 MB
[G[1A[Jheroku: Updating CLI from 8.1.9 to 8.1.9-ba951f2... [38;5;104m⣯[0m 45.3 MB/56.9 MB
[G[1A[Jheroku: Updating CLI from 8.1.9 to 8.1.9-ba951f2... [38;5;104m⣷[0m 45.8 MB/56.9 MB
[G[1A[Jheroku: Updating CLI from 8.1.9 to 8.1.9-ba951f2... [38;5;104m⣾[0m 45.8 MB/56.9 MB
[G[1A[Jheroku: Updating CLI from 8.1.9 to 8.1.9-ba951f2... [38;5;104m⣽[0m 45.8 MB/56.9 MB
[G[1A[Jheroku: Updating CLI from 8.1.9 to 8.1.9-ba951f2... [38;5;104m⣻[0m 47.8 MB/56.9 MB
[G[1A[Jheroku: Updating CLI from 8.1.9 to 8.1.9-ba951f2... [38;5;104m⢿[0m 47.8 MB/56.9 MB
[G[1A[Jheroku: Updating CLI from 8.1.9 to 8.1.9-ba951f2... [38;5;104m⡿[0m 47.8 MB/56.9 MB
[G[1A[Jheroku: Updating CLI from 8.1.9 to 8.1.9-ba951f2... [38;5;104m⣟[0m 48.3 MB/56.9 MB
[G[1A[Jheroku: Updating CLI from 8.1.9 to 8.1.9-ba951f2... [38;5;104m⣯[0m 48.3 MB/56.9 MB
[G[1A[Jheroku: Updating CLI from 8.1.9 to 8.1.9-ba951f2... [38;5;104m⣷[0m 48.3 MB/56.9 MB
[G[1A[Jheroku: Updating CLI from 8.1.9 to 8.1.9-ba951f2... [38;5;104m⣾[0m 48.5 MB/56.9 MB
[G[1A[Jheroku: Updating CLI from 8.1.9 to 8.1.9-ba951f2... [38;5;104m⣽[0m 48.5 MB/56.9 MB
[G[1A[Jheroku: Updating CLI from 8.1.9 to 8.1.9-ba951f2... [38;5;104m⣻[0m 48.5 MB/56.9 MB
[G[1A[Jheroku: Updating CLI from 8.1.9 to 8.1.9-ba951f2... [38;5;104m⢿[0m 50.5 MB/56.9 MB
[G[1A[Jheroku: Updating CLI from 8.1.9 to 8.1.9-ba951f2... [38;5;104m⡿[0m 50.5 MB/56.9 MB
[G[1A[Jheroku: Updating CLI from 8.1.9 to 8.1.9-ba951f2... [38;5;104m⣟[0m 51.0 MB/56.9 MB
[G[1A[Jheroku: Updating CLI from 8.1.9 to 8.1.9-ba951f2... [38;5;104m⣯[0m 51.0 MB/56.9 MB
[G[1A[Jheroku: Updating CLI from 8.1.9 to 8.1.9-ba951f2... [38;5;104m⣷[0m 51.0 MB/56.9 MB
[G[1A[Jheroku: Updating CLI from 8.1.9 to 8.1.9-ba951f2... [38;5;104m⣾[0m 52.3 MB/56.9 MB
[G[1A[Jheroku: Updating CLI from 8.1.9 to 8.1.9-ba951f2... [38;5;104m⣽[0m 52.3 MB/56.9 MB
[G[1A[Jheroku: Updating CLI from 8.1.9 to 8.1.9-ba951f2... [38;5;104m⣻[0m 52.5 MB/56.9 MB
[G[1A[Jheroku: Updating CLI from 8.1.9 to 8.1.9-ba951f2... [38;5;104m⢿[0m 52.5 MB/56.9 MB
[G[1A[Jheroku: Updating CLI from 8.1.9 to 8.1.9-ba951f2... [38;5;104m⡿[0m 52.5 MB/56.9 MB
[G[1A[Jheroku: Updating CLI from 8.1.9 to 8.1.9-ba951f2... [38;5;104m⣟[0m 52.7 MB/56.9 MB
[G[1A[Jheroku: Updating CLI from 8.1.9 to 8.1.9-ba951f2... [38;5;104m⣯[0m 52.7 MB/56.9 MB
[G[1A[Jheroku: Updating CLI from 8.1.9 to 8.1.9-ba951f2... [38;5;104m⣷[0m 52.7 MB/56.9 MB
[G[1A[Jheroku: Updating CLI from 8.1.9 to 8.1.9-ba951f2... [38;5;104m⣾[0m 52.8 MB/56.9 MB
[G[1A[Jheroku: Updating CLI from 8.1.9 to 8.1.9-ba951f2... [38;5;104m⣽[0m 52.8 MB/56.9 MB
[G[1A[Jheroku: Updating CLI from 8.1.9 to 8.1.9-ba951f2... [38;5;104m⣻[0m 52.9 MB/56.9 MB
[G[1A[Jheroku: Updating CLI from 8.1.9 to 8.1.9-ba951f2... [38;5;104m⢿[0m 52.9 MB/56.9 MB
[G[1A[Jheroku: Updating CLI from 8.1.9 to 8.1.9-ba951f2... [38;5;104m⡿[0m 52.9 MB/56.9 MB
[G[1A[Jheroku: Updating CLI from 8.1.9 to 8.1.9-ba951f2... [38;5;104m⣟[0m 52.9 MB/56.9 MB
[G[1A[Jheroku: Updating CLI from 8.1.9 to 8.1.9-ba951f2... [38;5;104m⣯[0m 52.9 MB/56.9 MB
[G[1A[Jheroku: Updating CLI from 8.1.9 to 8.1.9-ba951f2... [38;5;104m⣷[0m 52.9 MB/56.9 MB
[G[1A[Jheroku: Updating CLI from 8.1.9 to 8.1.9-ba951f2... [38;5;104m⣾[0m 53.0 MB/56.9 MB
[G[1A[Jheroku: Updating CLI from 8.1.9 to 8.1.9-ba951f2... [38;5;104m⣽[0m 53.0 MB/56.9 MB
[G[1A[Jheroku: Updating CLI from 8.1.9 to 8.1.9-ba951f2... [38;5;104m⣻[0m 53.0 MB/56.9 MB
[G[1A[Jheroku: Updating CLI from 8.1.9 to 8.1.9-ba951f2... [38;5;104m⢿[0m 53.0 MB/56.9 MB
[G[1A[Jheroku: Updating CLI from 8.1.9 to 8.1.9-ba951f2... [38;5;104m⡿[0m 53.0 MB/56.9 MB
[G[1A[Jheroku: Updating CLI from 8.1.9 to 8.1.9-ba951f2... [38;5;104m⣟[0m 53.0 MB/56.9 MB
[G[1A[Jheroku: Updating CLI from 8.1.9 to 8.1.9-ba951f2... [38;5;104m⣯[0m 53.0 MB/56.9 MB
[G[1A[Jheroku: Updating CLI from 8.1.9 to 8.1.9-ba951f2... [38;5;104m⣷[0m 53.0 MB/56.9 MB
[G[1A[Jheroku: Updating CLI from 8.1.9 to 8.1.9-ba951f2... [38;5;104m⣾[0m 53.0 MB/56.9 MB
[G[1A[Jheroku: Updating CLI from 8.1.9 to 8.1.9-ba951f2... [38;5;104m⣽[0m 53.0 MB/56.9 MB
[G[1A[Jheroku: Updating CLI from 8.1.9 to 8.1.9-ba951f2... [38;5;104m⣻[0m 53.0 MB/56.9 MB
[G[1A[Jheroku: Updating CLI from 8.1.9 to 8.1.9-ba951f2... [38;5;104m⢿[0m 53.1 MB/56.9 MB
[G[1A[Jheroku: Updating CLI from 8.1.9 to 8.1.9-ba951f2... [38;5;104m⡿[0m 53.1 MB/56.9 MB
[G[1A[Jheroku: Updating CLI from 8.1.9 to 8.1.9-ba951f2... [38;5;104m⣟[0m 53.1 MB/56.9 MB
[G[1A[Jheroku: Updating CLI from 8.1.9 to 8.1.9-ba951f2... [38;5;104m⣯[0m 53.1 MB/56.9 MB
[G[1A[Jheroku: Updating CLI from 8.1.9 to 8.1.9-ba951f2... [38;5;104m⣷[0m 53.1 MB/56.9 MB
[G[1A[Jheroku: Updating CLI from 8.1.9 to 8.1.9-ba951f2... [38;5;104m⣾[0m 53.1 MB/56.9 MB
[G[1A[Jheroku: Updating CLI from 8.1.9 to 8.1.9-ba951f2... [38;5;104m⣽[0m 53.1 MB/56.9 MB
[G[1A[Jheroku: Updating CLI from 8.1.9 to 8.1.9-ba951f2... [38;5;104m⣻[0m 53.2 MB/56.9 MB
[G[1A[Jheroku: Updating CLI from 8.1.9 to 8.1.9-ba951f2... [38;5;104m⢿[0m 53.2 MB/56.9 MB
[G[1A[Jheroku: Updating CLI from 8.1.9 to 8.1.9-ba951f2... [38;5;104m⡿[0m 53.2 MB/56.9 MB
[G[1A[Jheroku: Updating CLI from 8.1.9 to 8.1.9-ba951f2... [38;5;104m⣟[0m 53.2 MB/56.9 MB
[G[1A[Jheroku: Updating CLI from 8.1.9 to 8.1.9-ba951f2... [38;5;104m⣯[0m 53.2 MB/56.9 MB
[G[1A[Jheroku: Updating CLI from 8.1.9 to 8.1.9-ba951f2... [38;5;104m⣷[0m 53.3 MB/56.9 MB
[G[1A[Jheroku: Updating CLI from 8.1.9 to 8.1.9-ba951f2... [38;5;104m⣾[0m 53.3 MB/56.9 MB
[G[1A[Jheroku: Updating CLI from 8.1.9 to 8.1.9-ba951f2... [38;5;104m⣽[0m 53.3 MB/56.9 MB
[G[1A[Jheroku: Updating CLI from 8.1.9 to 8.1.9-ba951f2... [38;5;104m⣻[0m 53.5 MB/56.9 MB
[G[1A[Jheroku: Updating CLI from 8.1.9 to 8.1.9-ba951f2... [38;5;104m⢿[0m 53.5 MB/56.9 MB
[G[1A[Jheroku: Updating CLI from 8.1.9 to 8.1.9-ba951f2... [38;5;104m⡿[0m 54.0 MB/56.9 MB
[G[1A[Jheroku: Updating CLI from 8.1.9 to 8.1.9-ba951f2... [38;5;104m⣟[0m 54.0 MB/56.9 MB
[G[1A[Jheroku: Updating CLI from 8.1.9 to 8.1.9-ba951f2... [38;5;104m⣯[0m 54.0 MB/56.9 MB
[G[1A[Jheroku: Updating CLI from 8.1.9 to 8.1.9-ba951f2... [38;5;104m⣷[0m 54.3 MB/56.9 MB
[G[1A[Jheroku: Updating CLI from 8.1.9 to 8.1.9-ba951f2... [38;5;104m⣾[0m 54.3 MB/56.9 MB
[G[1A[Jheroku: Updating CLI from 8.1.9 to 8.1.9-ba951f2... [38;5;104m⣽[0m 54.6 MB/56.9 MB
[G[1A[Jheroku: Updating CLI from 8.1.9 to 8.1.9-ba951f2... [38;5;104m⣻[0m 54.6 MB/56.9 MB
[G[1A[Jheroku: Updating CLI from 8.1.9 to 8.1.9-ba951f2... [38;5;104m⢿[0m 54.6 MB/56.9 MB
[G[1A[Jheroku: Updating CLI from 8.1.9 to 8.1.9-ba951f2... [38;5;104m⡿[0m 55.1 MB/56.9 MB
[G[1A[Jheroku: Updating CLI from 8.1.9 to 8.1.9-ba951f2... [38;5;104m⣟[0m 55.1 MB/56.9 MB
[G[1A[Jheroku: Updating CLI from 8.1.9 to 8.1.9-ba951f2... [38;5;104m⣯[0m 55.1 MB/56.9 MB
[G[1A[Jheroku: Updating CLI from 8.1.9 to 8.1.9-ba951f2... [38;5;104m⣷[0m 55.3 MB/56.9 MB
[G[1A[Jheroku: Updating CLI from 8.1.9 to 8.1.9-ba951f2... [38;5;104m⣾[0m 55.3 MB/56.9 MB
[G[1A[Jheroku: Updating CLI from 8.1.9 to 8.1.9-ba951f2... [38;5;104m⣽[0m 55.3 MB/56.9 MB
[G[1A[Jheroku: Updating CLI from 8.1.9 to 8.1.9-ba951f2... [38;5;104m⣻[0m 55.3 MB/56.9 MB
[G[1A[Jheroku: Updating CLI from 8.1.9 to 8.1.9-ba951f2... [38;5;104m⢿[0m 55.4 MB/56.9 MB
[G[1A[Jheroku: Updating CLI from 8.1.9 to 8.1.9-ba951f2... [38;5;104m⡿[0m 55.4 MB/56.9 MB
[G[1A[Jheroku: Updating CLI from 8.1.9 to 8.1.9-ba951f2... [38;5;104m⣟[0m 55.6 MB/56.9 MB
[G[1A[Jheroku: Updating CLI from 8.1.9 to 8.1.9-ba951f2... [38;5;104m⣯[0m 55.6 MB/56.9 MB
[G[1A[Jheroku: Updating CLI from 8.1.9 to 8.1.9-ba951f2... [38;5;104m⣷[0m 55.6 MB/56.9 MB
[G[1A[Jheroku: Updating CLI from 8.1.9 to 8.1.9-ba951f2... [38;5;104m⣾[0m 55.7 MB/56.9 MB
[G[1A[Jheroku: Updating CLI from 8.1.9 to 8.1.9-ba951f2... [38;5;104m⣽[0m 55.7 MB/56.9 MB
[G[1A[Jheroku: Updating CLI from 8.1.9 to 8.1.9-ba951f2... [38;5;104m⣻[0m 55.7 MB/56.9 MB
[G[1A[Jheroku: Updating CLI from 8.1.9 to 8.1.9-ba951f2... [38;5;104m⢿[0m 55.7 MB/56.9 MB
[G[1A[Jheroku: Updating CLI from 8.1.9 to 8.1.9-ba951f2... [38;5;104m⡿[0m 55.7 MB/56.9 MB
[G[1A[Jheroku: Updating CLI from 8.1.9 to 8.1.9-ba951f2... [38;5;104m⣟[0m 56.0 MB/56.9 MB
[G[1A[Jheroku: Updating CLI from 8.1.9 to 8.1.9-ba951f2... [38;5;104m⣯[0m 56.0 MB/56.9 MB
[G[1A[Jheroku: Updating CLI from 8.1.9 to 8.1.9-ba951f2... [38;5;104m⣷[0m 56.1 MB/56.9 MB
[G[1A[Jheroku: Updating CLI from 8.1.9 to 8.1.9-ba951f2... [38;5;104m⣾[0m 56.1 MB/56.9 MB
[G[1A[Jheroku: Updating CLI from 8.1.9 to 8.1.9-ba951f2... [38;5;104m⣽[0m 56.1 MB/56.9 MB
[G[1A[Jheroku: Updating CLI from 8.1.9 to 8.1.9-ba951f2... [38;5;104m⣻[0m 56.5 MB/56.9 MB
[G[1A[Jheroku: Updating CLI from 8.1.9 to 8.1.9-ba951f2... [38;5;104m⢿[0m 56.5 MB/56.9 MB
[G[1A[Jheroku: Updating CLI from 8.1.9 to 8.1.9-ba951f2... [38;5;104m⡿[0m 56.5 MB/56.9 MB
[G[1A[Jheroku: Updating CLI from 8.1.9 to 8.1.9-ba951f2... [38;5;104m⣟[0m 56.5 MB/56.9 MB
[G[1A[Jheroku: Updating plugins...
[G[1A[Jheroku: Updating plugins... [38;5;104m⣯[0m

Updating completions...
Updating completions...Updating completions... done
[G[1A[JUpdating completions... [38;5;104m⣷[0m
[G[1A[JUpdating completions... [38;5;104m⣾[0m [1/4] Resolving packages...
[G[1A[JUpdating completions... [38;5;104m⣽[0m [1/4] Resolving packages...
[G[1A[JUpdating completions... [38;5;104m⣻[0m [1/4] Resolving packages...
[G[1A[JUpdating completions... [38;5;104m⢿[0m [1/4] Resolving packages...
[G[1A[JUpdating completions... [38;5;104m⡿[0m [1/4] Resolving packages...
[G[1A[JUpdating completions... [38;5;104m⣟[0m [1/4] Resolving packages...
[G[1A[JUpdating completions... [38;5;104m⣯[0m [1/4] Resolving packages...
[G[1A[JUpdating completions... [38;5;104m⣷[0m [3/4] Linking dependencies...
[G[1A[JUpdating completions... [38;5;104m⣾[0m [3/4] Linking dependencies...
[G[1A[JUpdating completions... [38;5;104m⣽[0m [4/4] Building fresh packages...
