2023-07-21 21:29:48.766 [info] Log level: Info
2023-07-21 21:29:48.766 [info] Validating found git in: "git"
2023-07-21 21:29:48.766 [info] Using git "2.34.1" from "git"
2023-07-21 21:29:48.766 [info] > git rev-parse --show-toplevel [89ms]
2023-07-21 21:29:48.766 [info] > git rev-parse --git-dir --git-common-dir [13ms]
2023-07-21 21:29:48.775 [info] Open repository: /home/uddam
2023-07-21 21:29:48.796 [info] > git rev-parse --show-toplevel [17ms]
2023-07-21 21:29:48.805 [info] > git rev-parse --show-toplevel [5ms]
2023-07-21 21:29:48.809 [info] > git config --get commit.template [18ms]
2023-07-21 21:29:48.810 [info] > git rev-parse --show-toplevel [2ms]
2023-07-21 21:29:48.822 [info] > git rev-parse --show-toplevel [9ms]
2023-07-21 21:29:48.828 [info] > git for-each-ref --format=%(refname)%00%(upstream:short)%00%(objectname)%00%(upstream:track)%00%(upstream:remotename)%00%(upstream:remoteref) refs/heads/main refs/remotes/main [12ms]
2023-07-21 21:29:48.834 [info] > git rev-parse --show-toplevel [7ms]
2023-07-21 21:29:48.840 [info] > git rev-parse --show-toplevel [1ms]
2023-07-21 21:29:48.846 [info] > git rev-parse --show-toplevel [1ms]
2023-07-21 21:29:48.853 [info] > git rev-parse --show-toplevel [1ms]
2023-07-21 21:29:48.858 [info] > git rev-parse --show-toplevel [0ms]
2023-07-21 21:29:48.862 [info] > git rev-parse --show-toplevel [1ms]
2023-07-21 21:29:48.868 [info] > git rev-parse --show-toplevel [2ms]
2023-07-21 21:29:48.873 [info] > git rev-parse --show-toplevel [1ms]
2023-07-21 21:29:48.878 [info] > git status -z -uall [46ms]
2023-07-21 21:29:48.887 [info] > git rev-parse --show-toplevel [11ms]
2023-07-21 21:29:48.898 [info] > git rev-parse --show-toplevel [9ms]
2023-07-21 21:29:48.903 [info] > git rev-parse --show-toplevel [2ms]
2023-07-21 21:29:48.907 [info] > git config --get commit.template [10ms]
2023-07-21 21:29:48.909 [info] > git rev-parse --show-toplevel [2ms]
2023-07-21 21:29:48.920 [info] > git rev-parse --show-toplevel [6ms]
2023-07-21 21:29:48.923 [info] > git for-each-ref --format=%(refname)%00%(upstream:short)%00%(objectname)%00%(upstream:track)%00%(upstream:remotename)%00%(upstream:remoteref) refs/heads/main refs/remotes/main [5ms]
2023-07-21 21:29:48.927 [info] > git rev-parse --show-toplevel [3ms]
2023-07-21 21:29:48.932 [info] > git rev-parse --show-toplevel [1ms]
2023-07-21 21:29:48.942 [info] > git status -z -uall [16ms]
2023-07-21 21:29:49.163 [info] > git show --textconv :storefront/settings/prod.py [4ms]
2023-07-21 21:29:49.165 [info] > git ls-files --stage -- /home/uddam/storefront/settings/prod.py [3ms]
2023-07-21 21:29:49.169 [info] > git cat-file -s c715c02d69a4698f4824539f5db4dba768b07298 [1ms]
2023-07-21 21:29:49.169 [info] fatal: git cat-file: could not get object info
2023-07-21 21:29:49.323 [info] > git check-ignore -v -z --stdin [15ms]
2023-07-21 21:29:52.976 [info] > git check-ignore -v -z --stdin [5ms]
2023-07-21 21:29:57.271 [info] > git check-ignore -v -z --stdin [4ms]
2023-07-21 21:29:57.821 [info] > git check-ignore -v -z --stdin [4ms]
2023-07-21 21:30:01.955 [info] > git check-ignore -v -z --stdin [4ms]
2023-07-21 21:30:02.824 [info] > git check-ignore -v -z --stdin [7ms]
2023-07-21 21:30:03.775 [info] > git check-ignore -v -z --stdin [3ms]
2023-07-21 21:30:05.745 [info] > git check-ignore -v -z --stdin [3ms]
2023-07-21 21:30:34.327 [info] > git check-ignore -v -z --stdin [6ms]
2023-07-21 21:30:35.409 [info] > git check-ignore -v -z --stdin [4ms]
2023-07-21 21:30:36.310 [info] > git check-ignore -v -z --stdin [7ms]
2023-07-21 22:39:23.471 [info] > git check-ignore -v -z --stdin [20ms]
2023-07-21 22:39:32.420 [info] > git show --textconv :storefront/settings/dev.py [11ms]
2023-07-21 22:39:32.422 [info] > git ls-files --stage -- /home/uddam/storefront/settings/dev.py [2ms]
2023-07-21 22:39:32.431 [info] > git cat-file -s b6d03162ede1ba5f719e28f71f50c581cf204bc6 [1ms]
2023-07-21 22:39:32.431 [info] fatal: git cat-file: could not get object info
2023-07-21 22:39:33.188 [info] > git show --textconv :storefront/settings/common.py [8ms]
2023-07-21 22:39:33.194 [info] > git ls-files --stage -- /home/uddam/storefront/settings/common.py [9ms]
2023-07-21 22:39:33.200 [info] > git cat-file -s 2e7affc1608f88e421b8ee974b660c396d41226b [1ms]
2023-07-21 22:39:33.201 [info] fatal: git cat-file: could not get object info
2023-07-21 22:39:35.062 [info] > git show --textconv :Procfile [6ms]
2023-07-21 22:39:35.065 [info] > git ls-files --stage -- /home/uddam/Procfile [4ms]
2023-07-21 22:39:35.075 [info] > git cat-file -s bb0baaffc936ca43ea3caeb0156e6c9faec7a7f9 [1ms]
2023-07-21 22:39:35.075 [info] fatal: git cat-file: could not get object info
2023-07-21 22:39:35.600 [info] > git show --textconv :.gitconfig [4ms]
2023-07-21 22:39:35.603 [info] > git ls-files --stage -- /home/uddam/.gitconfig [3ms]
2023-07-21 22:39:35.606 [info] > git cat-file -s 77333b24a30e474e5475adac51b44212f5b5d11f [0ms]
2023-07-21 22:39:35.607 [info] fatal: git cat-file: could not get object info
2023-07-21 22:39:35.933 [info] > git check-ignore -v -z --stdin [2ms]
2023-07-21 22:39:36.373 [info] > git show --textconv :storefront/wsgi.py [4ms]
2023-07-21 22:39:36.375 [info] > git ls-files --stage -- /home/uddam/storefront/wsgi.py [3ms]
2023-07-21 22:39:36.381 [info] > git cat-file -s c2eee598a0fcc6739f326ddaa78cffd4a8d05539 [0ms]
2023-07-21 22:39:36.381 [info] fatal: git cat-file: could not get object info
